<?xml version="1.0" encoding="UTF-8"?>
<!-- Generated by org.testng.reporters.JUnitXMLReporter -->
<testsuite ignored="0" hostname="TDS-5CG1075Y7F" failures="0" tests="3" name="Test" time="18.358" errors="0" timestamp="2022-02-25T09:41:17 IST">
  <testcase classname="TestPackage.Base" name="readdata" time="1.069"/>
  <testcase classname="TestPackage.Base" name="server_auth" time="3.977"/>
  <testcase classname="TestPackage.LoginFunctionality" name="loginModule" time="9.597"/>
</testsuite> <!-- Test -->
