<?xml version="1.0" encoding="UTF-8"?>
<testsuite xmlns:xsi="http://www.w3.org/2001/XMLSchema-instance" xsi:noNamespaceSchemaLocation="https://maven.apache.org/surefire/maven-surefire-plugin/xsd/surefire-test-report.xsd" name="TestSuite" time="18.733" tests="3" errors="0" skipped="0" failures="0">
  <properties>
[...]
</properties>
  <testcase name="readdata" classname="TestPackage.LoginFunctionality" time="1.069"/>
  <testcase name="server_auth" classname="TestPackage.LoginFunctionality" time="3.977"/>
  <testcase name="loginModule" classname="TestPackage.LoginFunctionality" time="9.598"/>
</testsuite>