




<!DOCTYPE html>
<html>
<head>
	<meta charset='UTF-8' /> 
	<meta name='description' content='' />
	<meta name='robots' content='noodp, noydir' />
	<meta name='viewport' content='width=device-width, initial-scale=1' />
	<meta id="timeStampFormat" name="timeStampFormat" content='MMM d, yyyy hh:mm:ss a'/>
	
        <link href='http://fonts.googleapis.com/css?family=Source+Sans+Pro:400,600' rel='stylesheet' type='text/css' />
        <link href="http://fonts.googleapis.com/icon?family=Material+Icons" rel="stylesheet" />
        <link href='http://cdn.jsdelivr.net/gh/extent-framework/extent-github-cdn@ff53917fbbdb5ef820abbbe4d199a6942dc771ff/v3html/css/extent.css' type='text/css' rel='stylesheet' />
	
	<title></title>

	<style type='text/css'>
		/* json-tree */
		.jstBracket,.jstComma,.jstValue{white-space:pre-wrap}.jstValue{font-size:10px;font-weight:400;font-family:"Lucida Console",Monaco,monospace}.jstProperty{color:#666;word-wrap:break-word}.jstBool{color:#2525CC}.jstNum{color:#D036D0}.jstNull{color:gray}.jstStr{color:#2DB669}.jstFold:after{content:' -';cursor:pointer}.jstExpand{white-space:normal}.jstExpand:after{content:' +';cursor:pointer}.jstFolded{white-space:normal!important}.jstHiddenBlock{display:none}
			
	</style>
	
	<script type="text/javascript">
		/*! json-tree - v0.2.2 - 2017-09-25, MIT LICENSE */
		var JSONTree=function(){var n={"&":"&amp;","<":"&lt;",">":"&gt;",'"':"&quot;","'":"&#x27;","/":"&#x2F;"},t=0,r=0;this.create=function(n,t){return r+=1,N(u(n,0,!1),{class:"jstValue"})};var e=function(t){return t.replace(/[&<>'"]/g,function(t){return n[t]})},s=function(){return r+"_"+t++},u=function(n,t,r){if(null===n)return f(r?t:0);switch(typeof n){case"boolean":return l(n,r?t:0);case"number":return i(n,r?t:0);case"string":return o(n,r?t:0);default:return n instanceof Array?a(n,t,r):c(n,t,r)}},c=function(n,t,r){var e=s(),u=Object.keys(n).map(function(r){return j(r,n[r],t+1,!0)}).join(m()),c=[g("{",r?t:0,e),N(u,{id:e}),p("}",t)].join("\n");return N(c,{})},a=function(n,t,r){var e=s(),c=n.map(function(n){return u(n,t+1,!0)}).join(m());return[g("[",r?t:0,e),N(c,{id:e}),p("]",t)].join("\n")},o=function(n,t){var r=e(JSON.stringify(n));return N(v(r,t),{class:"jstStr"})},i=function(n,t){return N(v(n,t),{class:"jstNum"})},l=function(n,t){return N(v(n,t),{class:"jstBool"})},f=function(n){return N(v("null",n),{class:"jstNull"})},j=function(n,t,r){var s=v(e(JSON.stringify(n))+": ",r),c=N(u(t,r,!1),{});return N(s+c,{class:"jstProperty"})},m=function(){return N(",\n",{class:"jstComma"})},N=function(n,t){return d("span",t,n)},d=function(n,t,r){return"<"+n+Object.keys(t).map(function(n){return" "+n+'="'+t[n]+'"'}).join("")+">"+r+"</"+n+">"},g=function(n,t,r){return N(v(n,t),{class:"jstBracket"})+N("",{class:"jstFold",onclick:"JSONTree.toggle('"+r+"')"})};this.toggle=function(n){var t=document.getElementById(n),r=t.parentNode,e=t.previousElementSibling;""===t.className?(t.className="jstHiddenBlock",r.className="jstFolded",e.className="jstExpand"):(t.className="",r.className="",e.className="jstFold")};var p=function(n,t){return N(v(n,t),{})},v=function(n,t){return Array(2*t+1).join(" ")+n};return this}();
	</script>
</head>
	<body class='extent standard default hide-overflow bdd-report'>
		<div id='theme-selector' alt='Click to toggle theme. To enable by default, use theme configuration.' title='Click to toggle theme. To enable by default, use theme configuration.'>
			<span><i class='material-icons'>desktop_windows</i></span>
		</div>
<nav>
	<div class="nav-wrapper">
        <a href="#!" class="brand-logo black"><img src="http://cdn.jsdelivr.net/gh/extent-framework/extent-github-cdn@ff53917fbbdb5ef820abbbe4d199a6942dc771ff/commons/img/logo.png"></a>
		<!-- slideout menu -->
		<ul id='slide-out' class='side-nav fixed hide-on-med-and-down'>
			<li class='waves-effect active'><a href='#!' view='test-view' onclick="configureView(0);chartsView('test');"><i class='material-icons'>dashboard</i></a></li>
			<li class='waves-effect'><a href='#!' view='category-view' onclick="configureView(1)"><i class='material-icons'>label_outline</i></a></li>
			<li class='waves-effect'><a href='#!' view='exception-view' onclick="configureView(2)"><i class='material-icons'>bug_report</i></a></li>
			<li class='waves-effect'><a href='#!' onclick="configureView(-1);chartsView('dashboard');" view='dashboard-view'><i class='material-icons'>track_changes</i></a></li>
		</ul>
		<!-- report name -->
		<span class='report-name'></span>
		<!-- report headline -->
		<span class='report-headline'></span>
		<!-- nav-right -->
		<ul id='nav-mobile' class='right hide-on-med-and-down nav-right'>
			<a href='#!'>
			<span class='label blue darken-3 suite-start-time'>Nov 6, 2023 04:18:32 PM</span>
			</a>
		</ul>
	</div>
</nav>		<!-- container -->
		<div class='container'>
<div id='test-view' class='view'>
	<section id='controls'>
		<div class='controls grey lighten-4'>
			<!-- test toggle -->
			<div class='chip transparent'>
				<a class='dropdown-button tests-toggle' data-activates='tests-toggle' data-constrainwidth='true' data-beloworigin='true' data-hover='true' href='#'>
				<i class='material-icons'>warning</i> Status
				</a>
				<ul id='tests-toggle' class='dropdown-content'>
										<li status='fail'><a href='#!'>Fail <i class='material-icons red-text'>cancel</i></a></li>
					<li class='divider'></li>
					<li status='clear' clear='true'><a href='#!'>Clear Filters <i class='material-icons'>clear</i></a></li>
				</ul>
			</div>
			<!-- test toggle -->
			<!-- category toggle -->
			<div class='chip transparent'>
				<a class='dropdown-button category-toggle' data-activates='category-toggle' data-constrainwidth='false' data-beloworigin='true' data-hover='true' href='#'>
				<i class='material-icons'>local_offer</i> Category
				</a>
				<ul id='category-toggle' class='dropdown-content'>
					<li><a href='#'>@PositiveFlow</a></li>
					<li class='divider'></li>
					<li class='clear'><a href='#!' clear='true'>Clear Filters</a></li>
				</ul>
			</div>
			<!-- category toggle -->
			<!-- clear filters -->
			<div class='chip transparent hide'>
				<a class='' id='clear-filters' alt='Clear Filters' title='Clear Filters'>
				<i class='material-icons'>close</i> Clear
				</a>
			</div>
			<!-- clear filters -->
			<!-- enable dashboard -->
			<div id='toggle-test-view-charts' class='chip transparent'>
				<a class='pink-text' id='enable-dashboard' alt='Enable Dashboard' title='Enable Dashboard'>
				<i class='material-icons'>track_changes</i> Dashboard
				</a>
			</div>
			<!-- enable dashboard -->
			<!-- search -->
			<div class='chip transparent' alt='Search Tests' title='Search Tests'>
				<a href="#" class='search-div'>
				<i class='material-icons'>search</i> Search
				</a>
				<div class='input-field left hide'>
					<input id='search-tests' type='text' class='validate browser-default' placeholder='Search Tests...'>
				</div>
			</div>
			<!-- search -->
		</div>
	</section>

<div id='test-view-charts' class='subview-full'>
    <div id='charts-row' class='row nm-v nm-h'>
        <div class='col s12 m4 l4 np-h'>
            <div class='card-panel nm-v'>
                <div class='left panel-name'>Features</div>
                <div class='chart-box' style="max-height:94px;">
                    <canvas id='parent-analysis' width='90' height='70'></canvas>
                </div>
                <div class='block text-small'>
                    <span class='tooltipped' data-position='top' data-tooltip='$0%'>
                    <span class='strong'>0</span> features passed</span>
                </div>
                <div class='block text-small'>
                    <span class='strong tooltipped' data-position='top' data-tooltip='100%'>
                    1</span> features failed, 
                    <span class='strong tooltipped' data-position='top' data-tooltip='0%'>
                    0</span> skipped
                </div>
            </div>
        </div>
        <div class='col s12 m4 l4 np-h'>
            <div class='card-panel nm-v'>
                <div class='left panel-name'>Scenarios</div>
                <div class='chart-box' style="max-height:94px;">
                    <canvas id='child-analysis' width='90' height='70'></canvas>
                </div>
                <div class='block text-small'>
                    <span class='tooltipped' data-position='top' data-tooltip='59%'>
                    <span class='strong'>22</span> scenarios passed</span>
                </div>
                <div class='block text-small'>
                    <span class='strong tooltipped' data-position='top' data-tooltip='40%'>
                    15</span> scenarios failed, 
                    <span class='strong tooltipped' data-position='top' data-tooltip='0%'>
                    0</span> skipped, 
                    <span class='strong tooltipped' data-position='top' data-tooltip='0%'>
                    0</span> others
                </div>
            </div>
        </div>
        <div class='col s12 m4 l4 np-h'>
            <div class='card-panel nm-v'>
                <div class='left panel-name'>Steps</div>
                <div class='chart-box' style="max-height:94px;">
                    <canvas id='grandchild-analysis' width='90' height='70'></canvas>
                </div>
                <div class='block text-small'>
                    <span class='tooltipped' data-position='top' data-tooltip='60%'>
                    <span class='strong'>23</span> steps passed</span>
                </div>
                <div class='block text-small'>
                    <span class='strong tooltipped' data-position='top' data-tooltip='39%'>
                    15</span> steps failed, 
                    <span class='strong tooltipped' data-position='top' data-tooltip='0%'>
                    0</span> skipped, 
                    <span class='strong tooltipped' data-position='top' data-tooltip='0%'>
                    0</span> others
                </div>
            </div>
        </div>
    </div>
    <div id="timeline-chart" class="row nm-v nm-h">
        <div class="col s12 m12 l12 np-h">
            <div class="card-panel">
                <div class='left panel-name'>Timeline (seconds)</div>
                <div class="chart-box" style="width:98%;max-height:145px;">
                    <canvas id="timeline" height="120"></canvas>
                </div>
            </div>
        </div>
    </div>
</div>	
	<div class='subview-left left'>
		<div class='view-summary'>
			<ul id='test-collection' class='test-collection'>
				<li class='test displayed active has-leaf fail' status='fail' bdd='true' test-id='1'>
					<div class='test-heading'>
						<span class='test-name'>KETU Positive Flow</span>
						<span class='test-time'>Nov 6, 2023 04:18:33 PM</span>
						<span class='test-status right fail'>Fail</span>
					</div>
					<div class='test-content hide'>
<div class="sr-filters bdd-filters">
	<a class="btn-floating waves-effect waves-light pass green" title="pass"><i class='material-icons'>check_circle</i></a>
	<a class="btn-floating waves-effect waves-light fail red" title="fail"><i class='material-icons'>cancel</i></a>
	<a class="btn-floating waves-effect waves-light skip blue" title="skip"><i class='material-icons'>redo</i></a>
	<a class="btn-floating waves-effect waves-light clear grey" title="clear"><i class='material-icons'>clear</i></a>
</div>

<div class='scenario node' test-id='2' status='pass'>

	<span class='duration right label'>00 00 23.706</span>
	<div class="bdd-test">
		<div class="scenario-name"><span class='status pass' title='Pass'><i class='material-icons'>check_circle</i></span> Scenario: Verify login with correct username and correct password</div>
	</div>
	
	
		<div class='category-list'>
				<span class='category label'>@PositiveFlow</span>
		</div>
	
	<ul class='steps'>
		<li test-id='3' class='node given Pass' status='Pass'>
			<div class="step-name" title="(stepDefinitions.StepsForFeature.user_launch_chrome_browser())"><span class='status pass' title='Pass'><i class='material-icons'>check_circle</i></span>Given User Launch Chrome Browser</div>


		</li>
		<li test-id='6' class='node when Pass' status='Pass'>
			<div class="step-name" title="(stepDefinitions.StepsForFeature.user_enters_correct_username_and_correct_password())"><span class='status pass' title='Pass'><i class='material-icons'>check_circle</i></span>When User enters correct username and correct password</div>


					<div class="node-step">Entered Username - vikas.thorat</div>
					<div class="node-step">Entered Password - ##### </div>
					<div class="node-step">Click on Login button</div>
		</li>
	</ul>
</div>
<div class='scenario node' test-id='8' status='pass'>

	<span class='duration right label'>00 01 09.392</span>
	<div class="bdd-test">
		<div class="scenario-name"><span class='status pass' title='Pass'><i class='material-icons'>check_circle</i></span> Scenario: Add new patient record with valid data</div>
	</div>
	
	
		<div class='category-list'>
				<span class='category label'>@PositiveFlow</span>
		</div>
	
	<ul class='steps'>
		<li test-id='9' class='node when Pass' status='Pass'>
			<div class="step-name" title="(stepDefinitions.StepsForFeature.add_new_patient_with_valid_data())"><span class='status pass' title='Pass'><i class='material-icons'>check_circle</i></span>When User add new patient record with valid data</div>


					<div class="node-step">User click on add patient tab</div>
					<div class="node-step">Added Patient's First Name - QAUTL</div>
					<div class="node-step">Added Patient's Last Name - Rul</div>
					<div class="node-step">Entered Date Of Birth - 08/09/1998</div>
					<div class="node-step">Selected gender - Male</div>
					<div class="node-step">Click on address tab</div>
					<div class="node-step">Address1 - Address1</div>
					<div class="node-step">Selected state - AK</div>
					<div class="node-step">Selected city - Adak</div>
					<div class="node-step">Selected Zip code - 99546</div>
					<div class="node-step">Click on Contact tab</div>
					<div class="node-step">Click on add new phone number link</div>
					<div class="node-step">Selected phone value from dropdown + Mobile</div>
					<div class="node-step">Entered phone number - 2147483647</div>
					<div class="node-step">Selected fax value from dropdown - Fax</div>
					<div class="node-step">Entered fax number - 2147483647</div>
					<div class="node-step">Selected email value from dropdown - Work</div>
					<div class="node-step">Entered email address - test@gmail.com</div>
					<div class="node-step">Click on Caregiver information tab</div>
					<div class="node-step">Click on Add Caregiver Link</div>
					<div class="node-step">Entered caregiver first name - QAUTL</div>
					<div class="node-step">Entered caregiver last name - Rul</div>
					<div class="node-step">Entered caregiver relation with patient - Legal Guardian</div>
					<div class="node-step">Click on Income tab</div>
					<div class="node-step">Selected residency status - Legal Resident</div>
					<div class="node-step">Entered family member (in number) - 4</div>
					<div class="node-step">Entered Annual Income - 500</div>
					<div class="node-step">Click on cross reference tab</div>
					<div class="node-step">Click on patient cross reference link</div>
					<div class="node-step">Selected cross reference from dropdown - Pioneer Rx</div>
					<div class="node-step">Entered patient Id - 45647</div>
					<div class="node-step">Click on save button</div>
					<div class="node-step">Record created successfully.</div>
					<div class='screenshots'>
						<img width='80' height='40' onerror='this.style.display="none"' data-featherlight='C:\Users\vthorat\Downloads\KETU_JUNIT_Nehal\KETUSanityCucumber\.\images\1699267803766.png' src='C:\Users\vthorat\Downloads\KETU_JUNIT_Nehal\KETUSanityCucumber\.\images\1699267803766.png'>
					</div>
					<div class="node-step">User redirect to home page</div>
		</li>
	</ul>
</div>
<div class='scenario node' test-id='11' status='pass'>

	<span class='duration right label'>00 02 01.856</span>
	<div class="bdd-test">
		<div class="scenario-name"><span class='status pass' title='Pass'><i class='material-icons'>check_circle</i></span> Scenario: Add new payor insurance record with valid data</div>
	</div>
	
	
		<div class='category-list'>
				<span class='category label'>@PositiveFlow</span>
		</div>
	
	<ul class='steps'>
		<li test-id='12' class='node when Pass' status='Pass'>
			<div class="step-name" title="(stepDefinitions.StepsForFeature.user_add_new_payor_insurance_record_with_valid_data())"><span class='status pass' title='Pass'><i class='material-icons'>check_circle</i></span>When User add new payor insurance record with valid data</div>


					<div class="node-step">Entered First Name of Patient for search - QAUTL</div>
					<div class="node-step">Entered Last Name of Patient for search - Rul</div>
					<div class="node-step">Selected Date Of Birth for search - 08/09/1998</div>
					<div class="node-step">Pharmacy Benefit Insurance is added</div>
					<div class="node-step">Medical Benefit Insurance is added</div>
					<div class="node-step">Foundation Support Insurance is added</div>
					<div class="node-step">Manufacturer Co-Pay Support Insurance is added</div>
					<div class="node-step">Cash Insurance is added</div>
		</li>
	</ul>
</div>
<div class='scenario node' test-id='14' status='pass'>

	<span class='duration right label'>00 00 19.612</span>
	<div class="bdd-test">
		<div class="scenario-name"><span class='status pass' title='Pass'><i class='material-icons'>check_circle</i></span> Scenario: Verify Service Preference with Valid Data</div>
	</div>
	
	
		<div class='category-list'>
				<span class='category label'>@PositiveFlow</span>
		</div>
	
	<ul class='steps'>
		<li test-id='15' class='node when Pass' status='Pass'>
			<div class="step-name" title="(stepDefinitions.StepsForFeature.add_servicePreference_valid_data())"><span class='status pass' title='Pass'><i class='material-icons'>check_circle</i></span>When verify Service Preference is adding with Valid Data</div>


					<div class="node-step">Clicked on Service Preferences tab</div>
					<div class="node-step">Clicked on Enroll Link</div>
					<div class="node-step">Selected Therapeutic Program - Behavioral Health</div>
					<div class="node-step">Selected Therapeutic Status - Active</div>
					<div class="node-step">Selected Therapeutic Reason - Currently on Service</div>
					<div class="node-step">Selected Patient New To Pharmacy - Yes</div>
					<div class="node-step">Selected Patient New To Specialty - Yes</div>
					<div class="node-step">Patient Successfully Enrolled to - Behavioral Health</div>
		</li>
	</ul>
</div>
<div class='scenario node' test-id='17' status='pass'>

	<span class='duration right label'>00 00 28.337</span>
	<div class="bdd-test">
		<div class="scenario-name"><span class='status pass' title='Pass'><i class='material-icons'>check_circle</i></span> Scenario: Click on Create case with All valid Data</div>
	</div>
	
	
		<div class='category-list'>
				<span class='category label'>@PositiveFlow</span>
		</div>
	
	<ul class='steps'>
		<li test-id='18' class='node when Pass' status='Pass'>
			<div class="step-name" title="(stepDefinitions.StepsForFeature.user_click_on_create_case_valid_data_only())"><span class='status pass' title='Pass'><i class='material-icons'>check_circle</i></span>When User click on create case with All valid Data</div>


					<div class="node-step">Selected Therapeutic Program - Behavioral Health</div>
					<div class="node-step">Selected Service</div>
					<div class="node-step">Select CarePlanMental Health</div>
					<div class="node-step">Click on Create Case Button</div>
		</li>
	</ul>
</div>
<div class='scenario node' test-id='20' status='pass'>

	<span class='duration right label'>00 00 12.749</span>
	<div class="bdd-test">
		<div class="scenario-name"><span class='status pass' title='Pass'><i class='material-icons'>check_circle</i></span> Scenario: Verify that the Add Presciprion Link is clickable or not</div>
	</div>
	
	
		<div class='category-list'>
				<span class='category label'>@PositiveFlow</span>
		</div>
	
	<ul class='steps'>
		<li test-id='21' class='node when Pass' status='Pass'>
			<div class="step-name" title="(stepDefinitions.StepsForFeature.verify_that_the_add_presciprion_link_is_clickable_or_not())"><span class='status pass' title='Pass'><i class='material-icons'>check_circle</i></span>When Verify that the Add Presciprion Link is clickable or not</div>


					<div class="node-step">Clicked on Intake Workflow</div>
					<div class="node-step">Clicked on Prescription Intake Activity</div>
					<div class="node-step">Clicked on Add Prescription Link</div>
		</li>
	</ul>
</div>
<div class='scenario node' test-id='24' status='pass'>

	<span class='duration right label'>00 01 19.392</span>
	<div class="bdd-test">
		<div class="scenario-name"><span class='status pass' title='Pass'><i class='material-icons'>check_circle</i></span> Scenario: Verify the add presciption to case with positive data</div>
	</div>
	
	
		<div class='category-list'>
				<span class='category label'>@PositiveFlow</span>
		</div>
	
	<ul class='steps'>
		<li test-id='25' class='node when Pass' status='Pass'>
			<div class="step-name" title="(stepDefinitions.StepsForFeature.user_enter_all_valid_data_and_save_the_prescription_to_case())"><span class='status pass' title='Pass'><i class='material-icons'>check_circle</i></span>When User enter all valid data and save the prescription to case</div>


					<div class="node-step">Selected Received Method - Phone</div>
					<div class="node-step">Entered Received Date - 02/04/2019</div>
					<div class="node-step">Entered Rx Need by Date - 02/04/2019</div>
					<div class="node-step">Selected Rx Drug Type - Specialty</div>
					<div class="node-step">Clicked on Prescribed Drug Link</div>
					<div class="node-step">Entered NDC - 65757-0300-01</div>
					<div class="node-step">Clicked on Search button</div>
					<div class="node-step">Selected first drug from list</div>
					<div class="node-step">Entered Prescribed Quantity - 10</div>
					<div class="node-step">Entered Dispensed Quantity - 1</div>
					<div class="node-step">Entered PH Rx Number - RX_06320</div>
					<div class="node-step">Entered Day Supply - 5</div>
					<div class="node-step">Entered Directions - 1 in day</div>
					<div class="node-step">Entered Refills - 9</div>
					<div class="node-step">Entered Fill Number - 0</div>
					<div class="node-step">Clicked on Add Prescriber Link</div>
					<div class="node-step">Selected first Prescriber from the list</div>
					<div class="node-step">Selected Rx Type - Single</div>
					<div class="node-step">Selected Rx Status - Filled</div>
					<div class="node-step">Selected Rx Reason - Patient Picked Up</div>
					<div class="node-step">Prescription Added Successfully to the Case</div>
					<div class='screenshots'>
						<img width='80' height='40' onerror='this.style.display="none"' data-featherlight='C:\Users\vthorat\Downloads\KETU_JUNIT_Nehal\KETUSanityCucumber\.\images\1699268068797.png' src='C:\Users\vthorat\Downloads\KETU_JUNIT_Nehal\KETUSanityCucumber\.\images\1699268068797.png'>
					</div>
		</li>
	</ul>
</div>
<div class='scenario node' test-id='27' status='pass'>

	<span class='duration right label'>00 00 45.895</span>
	<div class="bdd-test">
		<div class="scenario-name"><span class='status pass' title='Pass'><i class='material-icons'>check_circle</i></span> Scenario: Verify the save case banner with valid data</div>
	</div>
	
	
		<div class='category-list'>
				<span class='category label'>@PositiveFlow</span>
		</div>
	
	<ul class='steps'>
		<li test-id='28' class='node when Pass' status='Pass'>
			<div class="step-name" title="(stepDefinitions.StepsForFeature.user_save_case_banner_with_positive_data())"><span class='status pass' title='Pass'><i class='material-icons'>check_circle</i></span>When User save case banner with valid data</div>


					<div class="node-step">Clicked on Case Banner Link</div>
					<div class="node-step">Added First Followup Date - 12/12/2023 in Case Banner</div>
					<div class="node-step">Selected First WorkFlow -> Intake</div>
					<div class="node-step">Selected First Followup Status -> Intake OnHold</div>
					<div class="node-step">Selected First Followup Reason -> OnHold Per Patient</div>
					<div class="node-step">Entered First Followup Note -> Re-Adjudication - Re-Adjudication- PA Approved - Mandated to Acaria Pharmacy </div>
					<div class="node-step">Added Second Followup Date -> 12/12/2023 in Case Banner</div>
					<div class="node-step">Selected Second WorkFlow -> Point of Sale</div>
					<div class="node-step">Selected Second Followup Status -> Point of Sale Cancelled</div>
					<div class="node-step">Selected Second Followup Reason -> Reverse Medication Dispense Date</div>
					<div class="node-step">Entered Second Followup Note -> PA Initiated - Waiting for Insurance to fax the PA Form [9/29/17]</div>
					<div class="node-step">Added Third Followup Date -> 12/12/2023 in Case Banner</div>
					<div class="node-step">Selected Third WorkFlow -> Benefit Investigation</div>
					<div class="node-step">Selected Third Followup Status -> Appeal (2) Initiated</div>
					<div class="node-step">Selected Third Followup Reason -> Clinician Drafting Appeal</div>
					<div class="node-step">Entered Third Followup Note -> Point of Sale Pending - Waiting Patient Pick Up - COPAY 300.00 LWTC - Point of Sale</div>
					<div class="node-step">Case Banner Added Successfully.</div>
					<div class='screenshots'>
						<img width='80' height='40' onerror='this.style.display="none"' data-featherlight='C:\Users\vthorat\Downloads\KETU_JUNIT_Nehal\KETUSanityCucumber\.\images\1699268114703.png' src='C:\Users\vthorat\Downloads\KETU_JUNIT_Nehal\KETUSanityCucumber\.\images\1699268114703.png'>
					</div>
		</li>
	</ul>
</div>
<div class='scenario node' test-id='30' status='pass'>

	<span class='duration right label'>00 00 07.591</span>
	<div class="bdd-test">
		<div class="scenario-name"><span class='status pass' title='Pass'><i class='material-icons'>check_circle</i></span> Scenario: Click on Patient Consent Tab</div>
	</div>
	
	
		<div class='category-list'>
				<span class='category label'>@PositiveFlow</span>
		</div>
	
	<ul class='steps'>
		<li test-id='31' class='node when Pass' status='Pass'>
			<div class="step-name" title="(stepDefinitions.StepsForFeature.user_click_on_patient_consent_tab())"><span class='status pass' title='Pass'><i class='material-icons'>check_circle</i></span>When User click on Patient Consent Tab</div>


					<div class='screenshots'>
						<img width='80' height='40' onerror='this.style.display="none"' data-featherlight='C:\Users\vthorat\Downloads\KETU_JUNIT_Nehal\KETUSanityCucumber\.\images\1699268120302.png' src='C:\Users\vthorat\Downloads\KETU_JUNIT_Nehal\KETUSanityCucumber\.\images\1699268120302.png'>
					</div>
		</li>
	</ul>
</div>
<div class='scenario node' test-id='33' status='pass'>

	<span class='duration right label'>00 00 03.820</span>
	<div class="bdd-test">
		<div class="scenario-name"><span class='status pass' title='Pass'><i class='material-icons'>check_circle</i></span> Scenario: Verify the Add Patient Consent Elements</div>
	</div>
	
	
		<div class='category-list'>
				<span class='category label'>@PositiveFlow</span>
		</div>
	
	<ul class='steps'>
		<li test-id='34' class='node when Pass' status='Pass'>
			<div class="step-name" title="(stepDefinitions.StepsForFeature.user_click_on_add_patient_consent_elements())"><span class='status pass' title='Pass'><i class='material-icons'>check_circle</i></span>When User click on Add Patient Consent Elements</div>


					<div class='screenshots'>
						<img width='80' height='40' onerror='this.style.display="none"' data-featherlight='C:\Users\vthorat\Downloads\KETU_JUNIT_Nehal\KETUSanityCucumber\.\images\1699268122912.png' src='C:\Users\vthorat\Downloads\KETU_JUNIT_Nehal\KETUSanityCucumber\.\images\1699268122912.png'>
					</div>
		</li>
	</ul>
</div>
<div class='scenario node' test-id='35' status='pass'>

	<span class='duration right label'>00 00 16.558</span>
	<div class="bdd-test">
		<div class="scenario-name"><span class='status pass' title='Pass'><i class='material-icons'>check_circle</i></span> Scenario: Verify that Relationship Value should not accept numeric,alphabets,special characters values</div>
	</div>
	
	
		<div class='category-list'>
				<span class='category label'>@PositiveFlow</span>
		</div>
	
	<ul class='steps'>
		<li test-id='36' class='node when Pass' status='Pass'>
			<div class="step-name" title="(stepDefinitions.StepsForFeature.user_enter_numeric_alphabets_special_characters_value_in_relationship_value())"><span class='status pass' title='Pass'><i class='material-icons'>check_circle</i></span>When User enter numeric,alphabets,special characters Value in Relationship Value</div>


					<div class="node-step">Enter Value in Relationship dropdown 123</div>
					<div class="node-step">Click on Save Consent Button</div>
					<div class='screenshots'>
						<img width='80' height='40' onerror='this.style.display="none"' data-featherlight='C:\Users\vthorat\Downloads\KETU_JUNIT_Nehal\KETUSanityCucumber\.\images\1699268131940.png' src='C:\Users\vthorat\Downloads\KETU_JUNIT_Nehal\KETUSanityCucumber\.\images\1699268131940.png'>
					</div>
					<div class="node-step">Enter Value in Relationship dropdown abc</div>
					<div class="node-step">Click on Save Consent Button</div>
					<div class='screenshots'>
						<img width='80' height='40' onerror='this.style.display="none"' data-featherlight='C:\Users\vthorat\Downloads\KETU_JUNIT_Nehal\KETUSanityCucumber\.\images\1699268137343.png' src='C:\Users\vthorat\Downloads\KETU_JUNIT_Nehal\KETUSanityCucumber\.\images\1699268137343.png'>
					</div>
					<div class="node-step">Enter Value in Relationship dropdown $#@@#@</div>
					<div class="node-step">Click on Save Consent Button</div>
					<div class='screenshots'>
						<img width='80' height='40' onerror='this.style.display="none"' data-featherlight='C:\Users\vthorat\Downloads\KETU_JUNIT_Nehal\KETUSanityCucumber\.\images\1699268142711.png' src='C:\Users\vthorat\Downloads\KETU_JUNIT_Nehal\KETUSanityCucumber\.\images\1699268142711.png'>
					</div>
		</li>
	</ul>
</div>
<div class='scenario node' test-id='40' status='pass'>

	<span class='duration right label'>00 00 16.510</span>
	<div class="bdd-test">
		<div class="scenario-name"><span class='status pass' title='Pass'><i class='material-icons'>check_circle</i></span> Scenario: Verify that Userrole Value should not accept numeric,alphabets,special characters values</div>
	</div>
	
	
		<div class='category-list'>
				<span class='category label'>@PositiveFlow</span>
		</div>
	
	<ul class='steps'>
		<li test-id='41' class='node when Pass' status='Pass'>
			<div class="step-name" title="(stepDefinitions.StepsForFeature.user_enter_numeric_alphabets_special_characters_value_in_Userrole_value())"><span class='status pass' title='Pass'><i class='material-icons'>check_circle</i></span>When User enter numeric,alphabets,special characters Value in Userrole Value</div>


					<div class="node-step">Enter Value in ProvideToUserRole dropdown 123</div>
					<div class="node-step">Click on Save Consent Button</div>
					<div class='screenshots'>
						<img width='80' height='40' onerror='this.style.display="none"' data-featherlight='C:\Users\vthorat\Downloads\KETU_JUNIT_Nehal\KETUSanityCucumber\.\images\1699268148400.png' src='C:\Users\vthorat\Downloads\KETU_JUNIT_Nehal\KETUSanityCucumber\.\images\1699268148400.png'>
					</div>
					<div class="node-step">Enter Value in ProvideToUserRole dropdown abc</div>
					<div class="node-step">Click on Save Consent Button</div>
					<div class='screenshots'>
						<img width='80' height='40' onerror='this.style.display="none"' data-featherlight='C:\Users\vthorat\Downloads\KETU_JUNIT_Nehal\KETUSanityCucumber\.\images\1699268153836.png' src='C:\Users\vthorat\Downloads\KETU_JUNIT_Nehal\KETUSanityCucumber\.\images\1699268153836.png'>
					</div>
					<div class="node-step">Enter Value in ProvideToUserRole dropdown $#@@#@</div>
					<div class="node-step">Click on Save Consent Button</div>
					<div class='screenshots'>
						<img width='80' height='40' onerror='this.style.display="none"' data-featherlight='C:\Users\vthorat\Downloads\KETU_JUNIT_Nehal\KETUSanityCucumber\.\images\1699268159234.png' src='C:\Users\vthorat\Downloads\KETU_JUNIT_Nehal\KETUSanityCucumber\.\images\1699268159234.png'>
					</div>
		</li>
	</ul>
</div>
<div class='scenario node' test-id='45' status='pass'>

	<span class='duration right label'>00 00 16.396</span>
	<div class="bdd-test">
		<div class="scenario-name"><span class='status pass' title='Pass'><i class='material-icons'>check_circle</i></span> Scenario: Verify that Username Value should not accept numeric,alphabets,special characters values</div>
	</div>
	
	
		<div class='category-list'>
				<span class='category label'>@PositiveFlow</span>
		</div>
	
	<ul class='steps'>
		<li test-id='46' class='node when Pass' status='Pass'>
			<div class="step-name" title="(stepDefinitions.StepsForFeature.user_enter_numeric_alphabets_special_characters_value_in_Username_value())"><span class='status pass' title='Pass'><i class='material-icons'>check_circle</i></span>When User enter numeric,alphabets,special characters Value in Username Value</div>


					<div class="node-step">Enter Value in ProvideToUserName dropdown 123</div>
					<div class="node-step">Click on Save Consent Button</div>
					<div class='screenshots'>
						<img width='80' height='40' onerror='this.style.display="none"' data-featherlight='C:\Users\vthorat\Downloads\KETU_JUNIT_Nehal\KETUSanityCucumber\.\images\1699268164872.png' src='C:\Users\vthorat\Downloads\KETU_JUNIT_Nehal\KETUSanityCucumber\.\images\1699268164872.png'>
					</div>
					<div class="node-step">Enter Value in ProvideToUserName dropdown abc</div>
					<div class="node-step">Click on Save Consent Button</div>
					<div class='screenshots'>
						<img width='80' height='40' onerror='this.style.display="none"' data-featherlight='C:\Users\vthorat\Downloads\KETU_JUNIT_Nehal\KETUSanityCucumber\.\images\1699268170242.png' src='C:\Users\vthorat\Downloads\KETU_JUNIT_Nehal\KETUSanityCucumber\.\images\1699268170242.png'>
					</div>
					<div class="node-step">Enter Value in ProvideToUserName dropdown $#@@#@</div>
					<div class="node-step">Click on Save Consent Button</div>
					<div class='screenshots'>
						<img width='80' height='40' onerror='this.style.display="none"' data-featherlight='C:\Users\vthorat\Downloads\KETU_JUNIT_Nehal\KETUSanityCucumber\.\images\1699268175636.png' src='C:\Users\vthorat\Downloads\KETU_JUNIT_Nehal\KETUSanityCucumber\.\images\1699268175636.png'>
					</div>
		</li>
	</ul>
</div>
<div class='scenario node' test-id='50' status='pass'>

	<span class='duration right label'>00 00 16.487</span>
	<div class="bdd-test">
		<div class="scenario-name"><span class='status pass' title='Pass'><i class='material-icons'>check_circle</i></span> Scenario: Verify that Methods Value should not accept numeric,alphabets,special characters values</div>
	</div>
	
	
		<div class='category-list'>
				<span class='category label'>@PositiveFlow</span>
		</div>
	
	<ul class='steps'>
		<li test-id='51' class='node when Pass' status='Pass'>
			<div class="step-name" title="(stepDefinitions.StepsForFeature.user_enter_numeric_alphabets_special_characters_value_in_Methods_value())"><span class='status pass' title='Pass'><i class='material-icons'>check_circle</i></span>When User enter numeric,alphabets,special characters Value in Methods Value</div>


					<div class="node-step">Enter Value in Method dropdown 123</div>
					<div class="node-step">Click on Save Consent Button</div>
					<div class='screenshots'>
						<img width='80' height='40' onerror='this.style.display="none"' data-featherlight='C:\Users\vthorat\Downloads\KETU_JUNIT_Nehal\KETUSanityCucumber\.\images\1699268181302.png' src='C:\Users\vthorat\Downloads\KETU_JUNIT_Nehal\KETUSanityCucumber\.\images\1699268181302.png'>
					</div>
					<div class="node-step">Enter Value in Method dropdown abc</div>
					<div class="node-step">Click on Save Consent Button</div>
					<div class='screenshots'>
						<img width='80' height='40' onerror='this.style.display="none"' data-featherlight='C:\Users\vthorat\Downloads\KETU_JUNIT_Nehal\KETUSanityCucumber\.\images\1699268186716.png' src='C:\Users\vthorat\Downloads\KETU_JUNIT_Nehal\KETUSanityCucumber\.\images\1699268186716.png'>
					</div>
					<div class="node-step">Enter Value in Method dropdown $#@@#@</div>
					<div class="node-step">Click on Save Consent Button</div>
					<div class='screenshots'>
						<img width='80' height='40' onerror='this.style.display="none"' data-featherlight='C:\Users\vthorat\Downloads\KETU_JUNIT_Nehal\KETUSanityCucumber\.\images\1699268192136.png' src='C:\Users\vthorat\Downloads\KETU_JUNIT_Nehal\KETUSanityCucumber\.\images\1699268192136.png'>
					</div>
		</li>
	</ul>
</div>
<div class='scenario node' test-id='55' status='pass'>

	<span class='duration right label'>00 00 09.725</span>
	<div class="bdd-test">
		<div class="scenario-name"><span class='status pass' title='Pass'><i class='material-icons'>check_circle</i></span> Scenario: Verify that select correct value in methods dropdown</div>
	</div>
	
	
		<div class='category-list'>
				<span class='category label'>@PositiveFlow</span>
		</div>
	
	<ul class='steps'>
		<li test-id='56' class='node when Pass' status='Pass'>
			<div class="step-name" title="(stepDefinitions.StepsForFeature.user_select_correct_value_in_methods_dropdown())"><span class='status pass' title='Pass'><i class='material-icons'>check_circle</i></span>When User select correct value in methods dropdown</div>


					<div class="node-step">Select Method Value</div>
					<div class='screenshots'>
						<img width='80' height='40' onerror='this.style.display="none"' data-featherlight='C:\Users\vthorat\Downloads\KETU_JUNIT_Nehal\KETUSanityCucumber\.\images\1699268201877.png' src='C:\Users\vthorat\Downloads\KETU_JUNIT_Nehal\KETUSanityCucumber\.\images\1699268201877.png'>
					</div>
		</li>
	</ul>
</div>
<div class='scenario node' test-id='58' status='pass'>

	<span class='duration right label'>00 00 22.522</span>
	<div class="bdd-test">
		<div class="scenario-name"><span class='status pass' title='Pass'><i class='material-icons'>check_circle</i></span> Scenario: Verify that Consent Type Value should not accept numeric,alphabets,special characters values</div>
	</div>
	
	
		<div class='category-list'>
				<span class='category label'>@PositiveFlow</span>
		</div>
	
	<ul class='steps'>
		<li test-id='59' class='node when Pass' status='Pass'>
			<div class="step-name" title="(stepDefinitions.StepsForFeature.user_enter_numeric_alphabets_special_characters_value_in_consent_type_value())"><span class='status pass' title='Pass'><i class='material-icons'>check_circle</i></span>When User enter numeric,alphabets,special characters Value in Consent Type Value</div>


					<div class="node-step">Enter Value in ConsentType dropdown 123</div>
					<div class="node-step">Click on Save Consent Button</div>
					<div class='screenshots'>
						<img width='80' height='40' onerror='this.style.display="none"' data-featherlight='C:\Users\vthorat\Downloads\KETU_JUNIT_Nehal\KETUSanityCucumber\.\images\1699268209574.png' src='C:\Users\vthorat\Downloads\KETU_JUNIT_Nehal\KETUSanityCucumber\.\images\1699268209574.png'>
					</div>
					<div class="node-step">Enter Value in ConsentType dropdown abc</div>
					<div class="node-step">Click on Save Consent Button</div>
					<div class='screenshots'>
						<img width='80' height='40' onerror='this.style.display="none"' data-featherlight='C:\Users\vthorat\Downloads\KETU_JUNIT_Nehal\KETUSanityCucumber\.\images\1699268216987.png' src='C:\Users\vthorat\Downloads\KETU_JUNIT_Nehal\KETUSanityCucumber\.\images\1699268216987.png'>
					</div>
					<div class="node-step">Enter Value in ConsentType dropdown $#@@#@</div>
					<div class="node-step">Click on Save Consent Button</div>
					<div class='screenshots'>
						<img width='80' height='40' onerror='this.style.display="none"' data-featherlight='C:\Users\vthorat\Downloads\KETU_JUNIT_Nehal\KETUSanityCucumber\.\images\1699268224411.png' src='C:\Users\vthorat\Downloads\KETU_JUNIT_Nehal\KETUSanityCucumber\.\images\1699268224411.png'>
					</div>
		</li>
	</ul>
</div>
<div class='scenario node' test-id='63' status='pass'>

	<span class='duration right label'>00 00 00.314</span>
	<div class="bdd-test">
		<div class="scenario-name"><span class='status pass' title='Pass'><i class='material-icons'>check_circle</i></span> Scenario: Verify that select correct value in Consent Type</div>
	</div>
	
	
		<div class='category-list'>
				<span class='category label'>@PositiveFlow</span>
		</div>
	
	<ul class='steps'>
		<li test-id='64' class='node when Pass' status='Pass'>
			<div class="step-name" title="(stepDefinitions.StepsForFeature.user_select_correct_value_in_consent_type())"><span class='status pass' title='Pass'><i class='material-icons'>check_circle</i></span>When User select correct value in Consent Type</div>


		</li>
	</ul>
</div>
<div class='scenario node' test-id='66' status='fail'>

	<span class='duration right label'>00 00 10.322</span>
	<div class="bdd-test">
		<div class="scenario-name"><span class='status fail' title='Fail'><i class='material-icons'>cancel</i></span> Scenario: Verify that Add the Consent Type</div>
	</div>
	
	
		<div class='category-list'>
				<span class='category label'>@PositiveFlow</span>
		</div>
	
	<ul class='steps'>
		<li test-id='67' class='node when Fail' status='Fail'>
			<div class="step-name" title="(stepDefinitions.StepsForFeature.user_add_the_consent_type())"><span class='status fail' title='Fail'><i class='material-icons'>cancel</i></span>When User Add the Consent Type</div>


					<textarea disabled class="code-block">org.openqa.selenium.NoSuchElementException: no such element: Unable to locate element: {"method":"xpath","selector":"//*[@id="consentForList0_consentForActivityList0"]"}
  (Session info: chrome=119.0.6045.106)
For documentation on this error, please visit: http://seleniumhq.org/exceptions/no_such_element.html
Build info: version: '3.8.1', revision: '6e95a6684b', time: '2017-12-01T18:33:54.468Z'
System info: host: 'TDS-5CG1075Y8C', ip: '10.245.10.29', os.name: 'Windows 10', os.arch: 'amd64', os.version: '10.0', java.version: '11.0.1'
Driver info: org.openqa.selenium.chrome.ChromeDriver
Capabilities {acceptInsecureCerts: false, browserName: chrome, browserVersion: 119.0.6045.106, chrome: {chromedriverVersion: 119.0.6045.105 (38c72552c5e..., userDataDir: C:\Users\vthorat\AppData\Lo...}, fedcm:accounts: true, goog:chromeOptions: {debuggerAddress: localhost:65275}, javascriptEnabled: true, networkConnectionEnabled: false, pageLoadStrategy: normal, platform: WINDOWS, platformName: WINDOWS, proxy: Proxy(), setWindowRect: true, strictFileInteractability: false, timeouts: {implicit: 0, pageLoad: 300000, script: 30000}, unhandledPromptBehavior: dismiss and notify, webauthn:extension:credBlob: true, webauthn:extension:largeBlob: true, webauthn:extension:minPinLength: true, webauthn:extension:prf: true, webauthn:virtualAuthenticators: true}
Session ID: 7823e846e991b66dd4b7a6b67364f843
*** Element info: {Using=xpath, value=//*[@id="consentForList0_consentForActivityList0"]}
	at java.base/jdk.internal.reflect.NativeConstructorAccessorImpl.newInstance0(Native Method)
	at java.base/jdk.internal.reflect.NativeConstructorAccessorImpl.newInstance(NativeConstructorAccessorImpl.java:62)
	at java.base/jdk.internal.reflect.DelegatingConstructorAccessorImpl.newInstance(DelegatingConstructorAccessorImpl.java:45)
	at java.base/java.lang.reflect.Constructor.newInstance(Constructor.java:490)
	at org.openqa.selenium.remote.http.W3CHttpResponseCodec.createException(W3CHttpResponseCodec.java:187)
	at org.openqa.selenium.remote.http.W3CHttpResponseCodec.decode(W3CHttpResponseCodec.java:122)
	at org.openqa.selenium.remote.http.W3CHttpResponseCodec.decode(W3CHttpResponseCodec.java:49)
	at org.openqa.selenium.remote.HttpCommandExecutor.execute(HttpCommandExecutor.java:164)
	at org.openqa.selenium.remote.service.DriverCommandExecutor.execute(DriverCommandExecutor.java:83)
	at org.openqa.selenium.remote.RemoteWebDriver.execute(RemoteWebDriver.java:601)
	at org.openqa.selenium.remote.RemoteWebDriver.findElement(RemoteWebDriver.java:371)
	at org.openqa.selenium.remote.RemoteWebDriver.findElementByXPath(RemoteWebDriver.java:473)
	at org.openqa.selenium.By$ByXPath.findElement(By.java:361)
	at org.openqa.selenium.remote.RemoteWebDriver.findElement(RemoteWebDriver.java:363)
	at dataPackage.AddConsentData.addConsentTypeValue(AddConsentData.java:178)
	at methodPackage.AddConsentMethods.addConsentType(AddConsentMethods.java:218)
	at stepDefinitions.StepsForFeature.user_add_the_consent_type(StepsForFeature.java:433)
	at âœ½.User Add the Consent Type(file:///C:/Users/vthorat/Downloads/KETU_JUNIT_Nehal/KETUSanityCucumber/./Positive/FeaturePositiveFlow.feature:82)
</textarea>
		</li>
	</ul>
</div>
<div class='scenario node' test-id='69' status='pass'>

	<span class='duration right label'>00 00 11.441</span>
	<div class="bdd-test">
		<div class="scenario-name"><span class='status pass' title='Pass'><i class='material-icons'>check_circle</i></span> Scenario: Verify that save all consent activity</div>
	</div>
	
	
		<div class='category-list'>
				<span class='category label'>@PositiveFlow</span>
		</div>
	
	<ul class='steps'>
		<li test-id='70' class='node when Pass' status='Pass'>
			<div class="step-name" title="(stepDefinitions.StepsForFeature.user_save_all_consent_activity())"><span class='status pass' title='Pass'><i class='material-icons'>check_circle</i></span>When User save all consent activity</div>


					<div class='screenshots'>
						<img width='80' height='40' onerror='this.style.display="none"' data-featherlight='C:\Users\vthorat\Downloads\KETU_JUNIT_Nehal\KETUSanityCucumber\.\images\1699268246532.png' src='C:\Users\vthorat\Downloads\KETU_JUNIT_Nehal\KETUSanityCucumber\.\images\1699268246532.png'>
					</div>
		</li>
	</ul>
</div>
<div class='scenario node' test-id='72' status='pass'>

	<span class='duration right label'>00 00 35.347</span>
	<div class="bdd-test">
		<div class="scenario-name"><span class='status pass' title='Pass'><i class='material-icons'>check_circle</i></span> Scenario: Save Pre BI with valid data</div>
	</div>
	
	
		<div class='category-list'>
				<span class='category label'>@PositiveFlow</span>
		</div>
	
	<ul class='steps'>
		<li test-id='73' class='node when Pass' status='Pass'>
			<div class="step-name" title="(stepDefinitions.StepsForFeature.user_save_the_pre_bi_activity_with_valid_data())"><span class='status pass' title='Pass'><i class='material-icons'>check_circle</i></span>When User save the Pre BI activity with valid data</div>


					<div class='screenshots'>
						<img width='80' height='40' onerror='this.style.display="none"' data-featherlight='C:\Users\vthorat\Downloads\KETU_JUNIT_Nehal\KETUSanityCucumber\.\images\1699268281735.png' src='C:\Users\vthorat\Downloads\KETU_JUNIT_Nehal\KETUSanityCucumber\.\images\1699268281735.png'>
					</div>
					<div class='screenshots'>
						<img width='80' height='40' onerror='this.style.display="none"' data-featherlight='C:\Users\vthorat\Downloads\KETU_JUNIT_Nehal\KETUSanityCucumber\.\images\1699268281887.png' src='C:\Users\vthorat\Downloads\KETU_JUNIT_Nehal\KETUSanityCucumber\.\images\1699268281887.png'>
					</div>
		</li>
	</ul>
</div>
<div class='scenario node' test-id='76' status='fail'>

	<span class='duration right label'>00 00 40.390</span>
	<div class="bdd-test">
		<div class="scenario-name"><span class='status fail' title='Fail'><i class='material-icons'>cancel</i></span> Scenario: Save Prior Authorization with valid data</div>
	</div>
	
	
		<div class='category-list'>
				<span class='category label'>@PositiveFlow</span>
		</div>
	
	<ul class='steps'>
		<li test-id='77' class='node when Fail' status='Fail'>
			<div class="step-name" title="(stepDefinitions.StepsForFeature.user_save_the_priorauthorizatio_activity_with_valid_data())"><span class='status fail' title='Fail'><i class='material-icons'>cancel</i></span>When User save the PA activity with valid data</div>


					<textarea disabled class="code-block">org.openqa.selenium.NoSuchElementException: no such element: Unable to locate element: {"method":"xpath","selector":"//*[@workflownameabbr="BI"]"}
  (Session info: chrome=119.0.6045.106)
For documentation on this error, please visit: http://seleniumhq.org/exceptions/no_such_element.html
Build info: version: '3.8.1', revision: '6e95a6684b', time: '2017-12-01T18:33:54.468Z'
System info: host: 'TDS-5CG1075Y8C', ip: '10.245.10.29', os.name: 'Windows 10', os.arch: 'amd64', os.version: '10.0', java.version: '11.0.1'
Driver info: org.openqa.selenium.chrome.ChromeDriver
Capabilities {acceptInsecureCerts: false, browserName: chrome, browserVersion: 119.0.6045.106, chrome: {chromedriverVersion: 119.0.6045.105 (38c72552c5e..., userDataDir: C:\Users\vthorat\AppData\Lo...}, fedcm:accounts: true, goog:chromeOptions: {debuggerAddress: localhost:65275}, javascriptEnabled: true, networkConnectionEnabled: false, pageLoadStrategy: normal, platform: WINDOWS, platformName: WINDOWS, proxy: Proxy(), setWindowRect: true, strictFileInteractability: false, timeouts: {implicit: 0, pageLoad: 300000, script: 30000}, unhandledPromptBehavior: dismiss and notify, webauthn:extension:credBlob: true, webauthn:extension:largeBlob: true, webauthn:extension:minPinLength: true, webauthn:extension:prf: true, webauthn:virtualAuthenticators: true}
Session ID: 7823e846e991b66dd4b7a6b67364f843
*** Element info: {Using=xpath, value=//*[@workflownameabbr="BI"]}
	at java.base/jdk.internal.reflect.NativeConstructorAccessorImpl.newInstance0(Native Method)
	at java.base/jdk.internal.reflect.NativeConstructorAccessorImpl.newInstance(NativeConstructorAccessorImpl.java:62)
	at java.base/jdk.internal.reflect.DelegatingConstructorAccessorImpl.newInstance(DelegatingConstructorAccessorImpl.java:45)
	at java.base/java.lang.reflect.Constructor.newInstance(Constructor.java:490)
	at org.openqa.selenium.remote.http.W3CHttpResponseCodec.createException(W3CHttpResponseCodec.java:187)
	at org.openqa.selenium.remote.http.W3CHttpResponseCodec.decode(W3CHttpResponseCodec.java:122)
	at org.openqa.selenium.remote.http.W3CHttpResponseCodec.decode(W3CHttpResponseCodec.java:49)
	at org.openqa.selenium.remote.HttpCommandExecutor.execute(HttpCommandExecutor.java:164)
	at org.openqa.selenium.remote.service.DriverCommandExecutor.execute(DriverCommandExecutor.java:83)
	at org.openqa.selenium.remote.RemoteWebDriver.execute(RemoteWebDriver.java:601)
	at org.openqa.selenium.remote.RemoteWebDriver.findElement(RemoteWebDriver.java:371)
	at org.openqa.selenium.remote.RemoteWebDriver.findElementByXPath(RemoteWebDriver.java:473)
	at org.openqa.selenium.By$ByXPath.findElement(By.java:361)
	at org.openqa.selenium.remote.RemoteWebDriver.findElement(RemoteWebDriver.java:363)
	at org.openqa.selenium.support.pagefactory.DefaultElementLocator.findElement(DefaultElementLocator.java:69)
	at org.openqa.selenium.support.pagefactory.internal.LocatingElementHandler.invoke(LocatingElementHandler.java:38)
	at com.sun.proxy.$Proxy21.getLocation(Unknown Source)
	at dataPackage.PAData.BIWorkflowClick(PAData.java:144)
	at methodPackage.PAMethod.verify_AddPAWithValidData(PAMethod.java:43)
	at stepDefinitions.StepsForFeature.user_save_the_priorauthorizatio_activity_with_valid_data(StepsForFeature.java:1432)
	at âœ½.User save the PA activity with valid data(file:///C:/Users/vthorat/Downloads/KETU_JUNIT_Nehal/KETUSanityCucumber/./Positive/FeaturePositiveFlow.feature:94)
</textarea>
		</li>
	</ul>
</div>
<div class='scenario node' test-id='80' status='fail'>

	<span class='duration right label'>00 00 36.559</span>
	<div class="bdd-test">
		<div class="scenario-name"><span class='status fail' title='Fail'><i class='material-icons'>cancel</i></span> Scenario: Save Appeal with valid data</div>
	</div>
	
	
		<div class='category-list'>
				<span class='category label'>@PositiveFlow</span>
		</div>
	
	<ul class='steps'>
		<li test-id='81' class='node when Fail' status='Fail'>
			<div class="step-name" title="(stepDefinitions.StepsForFeature.user_save_the_appeal_activity_with_valid_data())"><span class='status fail' title='Fail'><i class='material-icons'>cancel</i></span>When User save the appeal activity with valid data</div>


					<div class="node-step">Error occured while Clicking on BI workflow</div>
					<div class='screenshots'>
						<img width='80' height='40' onerror='this.style.display="none"' data-featherlight='C:\Users\vthorat\Downloads\KETU_JUNIT_Nehal\KETUSanityCucumber\.\images\1699268348780.png' src='C:\Users\vthorat\Downloads\KETU_JUNIT_Nehal\KETUSanityCucumber\.\images\1699268348780.png'>
					</div>
					<textarea disabled class="code-block">org.openqa.selenium.NoSuchElementException: no such element: Unable to locate element: {"method":"partial link text","selector":"Appeal"}
  (Session info: chrome=119.0.6045.106)
For documentation on this error, please visit: http://seleniumhq.org/exceptions/no_such_element.html
Build info: version: '3.8.1', revision: '6e95a6684b', time: '2017-12-01T18:33:54.468Z'
System info: host: 'TDS-5CG1075Y8C', ip: '10.245.10.29', os.name: 'Windows 10', os.arch: 'amd64', os.version: '10.0', java.version: '11.0.1'
Driver info: org.openqa.selenium.chrome.ChromeDriver
Capabilities {acceptInsecureCerts: false, browserName: chrome, browserVersion: 119.0.6045.106, chrome: {chromedriverVersion: 119.0.6045.105 (38c72552c5e..., userDataDir: C:\Users\vthorat\AppData\Lo...}, fedcm:accounts: true, goog:chromeOptions: {debuggerAddress: localhost:65275}, javascriptEnabled: true, networkConnectionEnabled: false, pageLoadStrategy: normal, platform: WINDOWS, platformName: WINDOWS, proxy: Proxy(), setWindowRect: true, strictFileInteractability: false, timeouts: {implicit: 0, pageLoad: 300000, script: 30000}, unhandledPromptBehavior: dismiss and notify, webauthn:extension:credBlob: true, webauthn:extension:largeBlob: true, webauthn:extension:minPinLength: true, webauthn:extension:prf: true, webauthn:virtualAuthenticators: true}
Session ID: 7823e846e991b66dd4b7a6b67364f843
*** Element info: {Using=partial link text, value=Appeal}
	at java.base/jdk.internal.reflect.NativeConstructorAccessorImpl.newInstance0(Native Method)
	at java.base/jdk.internal.reflect.NativeConstructorAccessorImpl.newInstance(NativeConstructorAccessorImpl.java:62)
	at java.base/jdk.internal.reflect.DelegatingConstructorAccessorImpl.newInstance(DelegatingConstructorAccessorImpl.java:45)
	at java.base/java.lang.reflect.Constructor.newInstance(Constructor.java:490)
	at org.openqa.selenium.remote.http.W3CHttpResponseCodec.createException(W3CHttpResponseCodec.java:187)
	at org.openqa.selenium.remote.http.W3CHttpResponseCodec.decode(W3CHttpResponseCodec.java:122)
	at org.openqa.selenium.remote.http.W3CHttpResponseCodec.decode(W3CHttpResponseCodec.java:49)
	at org.openqa.selenium.remote.HttpCommandExecutor.execute(HttpCommandExecutor.java:164)
	at org.openqa.selenium.remote.service.DriverCommandExecutor.execute(DriverCommandExecutor.java:83)
	at org.openqa.selenium.remote.RemoteWebDriver.execute(RemoteWebDriver.java:601)
	at org.openqa.selenium.remote.RemoteWebDriver.findElement(RemoteWebDriver.java:371)
	at org.openqa.selenium.remote.RemoteWebDriver.findElementByPartialLinkText(RemoteWebDriver.java:433)
	at org.openqa.selenium.By$ByPartialLinkText.findElement(By.java:273)
	at org.openqa.selenium.remote.RemoteWebDriver.findElement(RemoteWebDriver.java:363)
	at dataPackage.AddAppealData.clickonAppealActivity(AddAppealData.java:193)
	at stepDefinitions.StepsForFeature.user_save_the_appeal_activity_with_valid_data(StepsForFeature.java:1443)
	at âœ½.User save the appeal activity with valid data(file:///C:/Users/vthorat/Downloads/KETU_JUNIT_Nehal/KETUSanityCucumber/./Positive/FeaturePositiveFlow.feature:98)
</textarea>
		</li>
	</ul>
</div>
<div class='scenario node' test-id='84' status='pass'>

	<span class='duration right label'>00 01 05.679</span>
	<div class="bdd-test">
		<div class="scenario-name"><span class='status pass' title='Pass'><i class='material-icons'>check_circle</i></span> Scenario: Save Copay with valid data</div>
	</div>
	
	
		<div class='category-list'>
				<span class='category label'>@PositiveFlow</span>
		</div>
	
	<ul class='steps'>
		<li test-id='85' class='node when Pass' status='Pass'>
			<div class="step-name" title="(stepDefinitions.StepsForFeature.user_save_the_copay_activity_with_valid_data())"><span class='status pass' title='Pass'><i class='material-icons'>check_circle</i></span>When User save the copay activity with valid data</div>


		</li>
	</ul>
</div>
<div class='scenario node' test-id='88' status='pass'>

	<span class='duration right label'>00 02 28.892</span>
	<div class="bdd-test">
		<div class="scenario-name"><span class='status pass' title='Pass'><i class='material-icons'>check_circle</i></span> Scenario: Save Foundation with valid data</div>
	</div>
	
	
		<div class='category-list'>
				<span class='category label'>@PositiveFlow</span>
		</div>
	
	<ul class='steps'>
		<li test-id='89' class='node when Pass' status='Pass'>
			<div class="step-name" title="(stepDefinitions.StepsForFeature.user_save_the_foundation_activity_with_valid_data())"><span class='status pass' title='Pass'><i class='material-icons'>check_circle</i></span>When User save the foundation activity with valid data</div>


					<div class="node-step">Foundation Support Added Successfully</div>
		</li>
	</ul>
</div>
<div class='scenario node' test-id='90' status='pass'>

	<span class='duration right label'>00 00 00.197</span>
	<div class="bdd-test">
		<div class="scenario-name"><span class='status pass' title='Pass'><i class='material-icons'>check_circle</i></span> Scenario: Verify that the Post BI permission</div>
	</div>
	
	
		<div class='category-list'>
				<span class='category label'>@PositiveFlow</span>
		</div>
	
	<ul class='steps'>
		<li test-id='91' class='node when Pass' status='Pass'>
			<div class="step-name" title="(stepDefinitions.StepsForFeature.verify_the_post_bi_permission())"><span class='status pass' title='Pass'><i class='material-icons'>check_circle</i></span>When Verify the Post BI permission</div>


		</li>
	</ul>
</div>
<div class='scenario node' test-id='94' status='fail'>

	<span class='duration right label'>00 00 00.221</span>
	<div class="bdd-test">
		<div class="scenario-name"><span class='status fail' title='Fail'><i class='material-icons'>cancel</i></span> Scenario: Save Post BI with valid data</div>
	</div>
	
	
		<div class='category-list'>
				<span class='category label'>@PositiveFlow</span>
		</div>
	
	<ul class='steps'>
		<li test-id='95' class='node when Fail' status='Fail'>
			<div class="step-name" title="(stepDefinitions.StepsForFeature.user_save_the_postbi_activity_with_valid_data())"><span class='status fail' title='Fail'><i class='material-icons'>cancel</i></span>When User save the postbi activity with valid data</div>


					<div class="node-step">Error occured while Entering Rx Dispensed Date</div>
					<textarea disabled class="code-block">org.openqa.selenium.NoSuchWindowException: no such window: target window already closed
from unknown error: web view not found
  (Session info: chrome=119.0.6045.106)
Build info: version: '3.8.1', revision: '6e95a6684b', time: '2017-12-01T18:33:54.468Z'
System info: host: 'TDS-5CG1075Y8C', ip: '10.245.10.29', os.name: 'Windows 10', os.arch: 'amd64', os.version: '10.0', java.version: '11.0.1'
Driver info: org.openqa.selenium.chrome.ChromeDriver
Capabilities {acceptInsecureCerts: false, browserName: chrome, browserVersion: 119.0.6045.106, chrome: {chromedriverVersion: 119.0.6045.105 (38c72552c5e..., userDataDir: C:\Users\vthorat\AppData\Lo...}, fedcm:accounts: true, goog:chromeOptions: {debuggerAddress: localhost:65275}, javascriptEnabled: true, networkConnectionEnabled: false, pageLoadStrategy: normal, platform: WINDOWS, platformName: WINDOWS, proxy: Proxy(), setWindowRect: true, strictFileInteractability: false, timeouts: {implicit: 0, pageLoad: 300000, script: 30000}, unhandledPromptBehavior: dismiss and notify, webauthn:extension:credBlob: true, webauthn:extension:largeBlob: true, webauthn:extension:minPinLength: true, webauthn:extension:prf: true, webauthn:virtualAuthenticators: true}
Session ID: 7823e846e991b66dd4b7a6b67364f843
	at java.base/jdk.internal.reflect.NativeConstructorAccessorImpl.newInstance0(Native Method)
	at java.base/jdk.internal.reflect.NativeConstructorAccessorImpl.newInstance(NativeConstructorAccessorImpl.java:62)
	at java.base/jdk.internal.reflect.DelegatingConstructorAccessorImpl.newInstance(DelegatingConstructorAccessorImpl.java:45)
	at java.base/java.lang.reflect.Constructor.newInstance(Constructor.java:490)
	at org.openqa.selenium.remote.http.W3CHttpResponseCodec.createException(W3CHttpResponseCodec.java:187)
	at org.openqa.selenium.remote.http.W3CHttpResponseCodec.decode(W3CHttpResponseCodec.java:122)
	at org.openqa.selenium.remote.http.W3CHttpResponseCodec.decode(W3CHttpResponseCodec.java:49)
	at org.openqa.selenium.remote.HttpCommandExecutor.execute(HttpCommandExecutor.java:164)
	at org.openqa.selenium.remote.service.DriverCommandExecutor.execute(DriverCommandExecutor.java:83)
	at org.openqa.selenium.remote.RemoteWebDriver.execute(RemoteWebDriver.java:601)
	at org.openqa.selenium.remote.RemoteWebDriver.execute(RemoteWebDriver.java:658)
	at org.openqa.selenium.remote.RemoteWebDriver.getScreenshotAs(RemoteWebDriver.java:343)
	at testPackage.Base.CaptureScreen(Base.java:222)
	at methodPackage.PostBIMethod.VerifyPostBIWithValidData(PostBIMethod.java:189)
	at stepDefinitions.StepsForFeature.user_save_the_postbi_activity_with_valid_data(StepsForFeature.java:1508)
	at âœ½.User save the postbi activity with valid data(file:///C:/Users/vthorat/Downloads/KETU_JUNIT_Nehal/KETUSanityCucumber/./Positive/FeaturePositiveFlow.feature:115)
</textarea>
		</li>
	</ul>
</div>
<div class='scenario node' test-id='97' status='fail'>

	<span class='duration right label'>00 00 00.006</span>
	<div class="bdd-test">
		<div class="scenario-name"><span class='status fail' title='Fail'><i class='material-icons'>cancel</i></span> Scenario: Save POS with valid data</div>
	</div>
	
	
		<div class='category-list'>
				<span class='category label'>@PositiveFlow</span>
		</div>
	
	<ul class='steps'>
		<li test-id='98' class='node when Fail' status='Fail'>
			<div class="step-name" title="(stepDefinitions.StepsForFeature.user_save_the_point_of_sale_activity_with_valid_data())"><span class='status fail' title='Fail'><i class='material-icons'>cancel</i></span>When User save the point of sale activity with valid data</div>


					<textarea disabled class="code-block">org.openqa.selenium.NoSuchWindowException: no such window: target window already closed
from unknown error: web view not found
  (Session info: chrome=119.0.6045.106)
Build info: version: '3.8.1', revision: '6e95a6684b', time: '2017-12-01T18:33:54.468Z'
System info: host: 'TDS-5CG1075Y8C', ip: '10.245.10.29', os.name: 'Windows 10', os.arch: 'amd64', os.version: '10.0', java.version: '11.0.1'
Driver info: org.openqa.selenium.chrome.ChromeDriver
Capabilities {acceptInsecureCerts: false, browserName: chrome, browserVersion: 119.0.6045.106, chrome: {chromedriverVersion: 119.0.6045.105 (38c72552c5e..., userDataDir: C:\Users\vthorat\AppData\Lo...}, fedcm:accounts: true, goog:chromeOptions: {debuggerAddress: localhost:65275}, javascriptEnabled: true, networkConnectionEnabled: false, pageLoadStrategy: normal, platform: WINDOWS, platformName: WINDOWS, proxy: Proxy(), setWindowRect: true, strictFileInteractability: false, timeouts: {implicit: 0, pageLoad: 300000, script: 30000}, unhandledPromptBehavior: dismiss and notify, webauthn:extension:credBlob: true, webauthn:extension:largeBlob: true, webauthn:extension:minPinLength: true, webauthn:extension:prf: true, webauthn:virtualAuthenticators: true}
Session ID: 7823e846e991b66dd4b7a6b67364f843
	at java.base/jdk.internal.reflect.NativeConstructorAccessorImpl.newInstance0(Native Method)
	at java.base/jdk.internal.reflect.NativeConstructorAccessorImpl.newInstance(NativeConstructorAccessorImpl.java:62)
	at java.base/jdk.internal.reflect.DelegatingConstructorAccessorImpl.newInstance(DelegatingConstructorAccessorImpl.java:45)
	at java.base/java.lang.reflect.Constructor.newInstance(Constructor.java:490)
	at org.openqa.selenium.remote.http.W3CHttpResponseCodec.createException(W3CHttpResponseCodec.java:187)
	at org.openqa.selenium.remote.http.W3CHttpResponseCodec.decode(W3CHttpResponseCodec.java:122)
	at org.openqa.selenium.remote.http.W3CHttpResponseCodec.decode(W3CHttpResponseCodec.java:49)
	at org.openqa.selenium.remote.HttpCommandExecutor.execute(HttpCommandExecutor.java:164)
	at org.openqa.selenium.remote.service.DriverCommandExecutor.execute(DriverCommandExecutor.java:83)
	at org.openqa.selenium.remote.RemoteWebDriver.execute(RemoteWebDriver.java:601)
	at org.openqa.selenium.remote.RemoteWebDriver.execute(RemoteWebDriver.java:658)
	at org.openqa.selenium.remote.RemoteWebDriver.getWindowHandle(RemoteWebDriver.java:518)
	at dataPackage.PAData.<init>(PAData.java:83)
	at java.base/jdk.internal.reflect.NativeConstructorAccessorImpl.newInstance0(Native Method)
	at java.base/jdk.internal.reflect.NativeConstructorAccessorImpl.newInstance(NativeConstructorAccessorImpl.java:62)
	at java.base/jdk.internal.reflect.DelegatingConstructorAccessorImpl.newInstance(DelegatingConstructorAccessorImpl.java:45)
	at java.base/java.lang.reflect.Constructor.newInstance(Constructor.java:490)
	at java.base/java.lang.Class.newInstance(Class.java:584)
	at org.openqa.selenium.support.PageFactory.instantiatePage(PageFactory.java:131)
	at org.openqa.selenium.support.PageFactory.initElements(PageFactory.java:64)
	at methodPackage.POSMethod.<init>(POSMethod.java:22)
	at java.base/jdk.internal.reflect.NativeConstructorAccessorImpl.newInstance0(Native Method)
	at java.base/jdk.internal.reflect.NativeConstructorAccessorImpl.newInstance(NativeConstructorAccessorImpl.java:62)
	at java.base/jdk.internal.reflect.DelegatingConstructorAccessorImpl.newInstance(DelegatingConstructorAccessorImpl.java:45)
	at java.base/java.lang.reflect.Constructor.newInstance(Constructor.java:490)
	at java.base/java.lang.Class.newInstance(Class.java:584)
	at org.openqa.selenium.support.PageFactory.instantiatePage(PageFactory.java:131)
	at org.openqa.selenium.support.PageFactory.initElements(PageFactory.java:64)
	at stepDefinitions.StepsForFeature.user_save_the_point_of_sale_activity_with_valid_data(StepsForFeature.java:1517)
	at âœ½.User save the point of sale activity with valid data(file:///C:/Users/vthorat/Downloads/KETU_JUNIT_Nehal/KETUSanityCucumber/./Positive/FeaturePositiveFlow.feature:119)
</textarea>
		</li>
	</ul>
</div>
<div class='scenario node' test-id='99' status='fail'>

	<span class='duration right label'>00 00 00.008</span>
	<div class="bdd-test">
		<div class="scenario-name"><span class='status fail' title='Fail'><i class='material-icons'>cancel</i></span> Scenario: Complete Intake WorkFlow</div>
	</div>
	
	
		<div class='category-list'>
				<span class='category label'>@PositiveFlow</span>
		</div>
	
	<ul class='steps'>
		<li test-id='100' class='node when Fail' status='Fail'>
			<div class="step-name" title="(stepDefinitions.StepsForFeature.user_complete_intake_work_flow())"><span class='status fail' title='Fail'><i class='material-icons'>cancel</i></span>When User Complete Intake WorkFlow</div>


					<textarea disabled class="code-block">org.openqa.selenium.NoSuchWindowException: no such window: target window already closed
from unknown error: web view not found
  (Session info: chrome=119.0.6045.106)
Build info: version: '3.8.1', revision: '6e95a6684b', time: '2017-12-01T18:33:54.468Z'
System info: host: 'TDS-5CG1075Y8C', ip: '10.245.10.29', os.name: 'Windows 10', os.arch: 'amd64', os.version: '10.0', java.version: '11.0.1'
Driver info: org.openqa.selenium.chrome.ChromeDriver
Capabilities {acceptInsecureCerts: false, browserName: chrome, browserVersion: 119.0.6045.106, chrome: {chromedriverVersion: 119.0.6045.105 (38c72552c5e..., userDataDir: C:\Users\vthorat\AppData\Lo...}, fedcm:accounts: true, goog:chromeOptions: {debuggerAddress: localhost:65275}, javascriptEnabled: true, networkConnectionEnabled: false, pageLoadStrategy: normal, platform: WINDOWS, platformName: WINDOWS, proxy: Proxy(), setWindowRect: true, strictFileInteractability: false, timeouts: {implicit: 0, pageLoad: 300000, script: 30000}, unhandledPromptBehavior: dismiss and notify, webauthn:extension:credBlob: true, webauthn:extension:largeBlob: true, webauthn:extension:minPinLength: true, webauthn:extension:prf: true, webauthn:virtualAuthenticators: true}
Session ID: 7823e846e991b66dd4b7a6b67364f843
	at java.base/jdk.internal.reflect.NativeConstructorAccessorImpl.newInstance0(Native Method)
	at java.base/jdk.internal.reflect.NativeConstructorAccessorImpl.newInstance(NativeConstructorAccessorImpl.java:62)
	at java.base/jdk.internal.reflect.DelegatingConstructorAccessorImpl.newInstance(DelegatingConstructorAccessorImpl.java:45)
	at java.base/java.lang.reflect.Constructor.newInstance(Constructor.java:490)
	at org.openqa.selenium.remote.http.W3CHttpResponseCodec.createException(W3CHttpResponseCodec.java:187)
	at org.openqa.selenium.remote.http.W3CHttpResponseCodec.decode(W3CHttpResponseCodec.java:122)
	at org.openqa.selenium.remote.http.W3CHttpResponseCodec.decode(W3CHttpResponseCodec.java:49)
	at org.openqa.selenium.remote.HttpCommandExecutor.execute(HttpCommandExecutor.java:164)
	at org.openqa.selenium.remote.service.DriverCommandExecutor.execute(DriverCommandExecutor.java:83)
	at org.openqa.selenium.remote.RemoteWebDriver.execute(RemoteWebDriver.java:601)
	at org.openqa.selenium.remote.RemoteWebDriver.execute(RemoteWebDriver.java:658)
	at org.openqa.selenium.remote.RemoteWebDriver.getWindowHandle(RemoteWebDriver.java:518)
	at dataPackage.PAData.<init>(PAData.java:83)
	at java.base/jdk.internal.reflect.NativeConstructorAccessorImpl.newInstance0(Native Method)
	at java.base/jdk.internal.reflect.NativeConstructorAccessorImpl.newInstance(NativeConstructorAccessorImpl.java:62)
	at java.base/jdk.internal.reflect.DelegatingConstructorAccessorImpl.newInstance(DelegatingConstructorAccessorImpl.java:45)
	at java.base/java.lang.reflect.Constructor.newInstance(Constructor.java:490)
	at java.base/java.lang.Class.newInstance(Class.java:584)
	at org.openqa.selenium.support.PageFactory.instantiatePage(PageFactory.java:131)
	at org.openqa.selenium.support.PageFactory.initElements(PageFactory.java:64)
	at methodPackage.POSMethod.<init>(POSMethod.java:22)
	at java.base/jdk.internal.reflect.NativeConstructorAccessorImpl.newInstance0(Native Method)
	at java.base/jdk.internal.reflect.NativeConstructorAccessorImpl.newInstance(NativeConstructorAccessorImpl.java:62)
	at java.base/jdk.internal.reflect.DelegatingConstructorAccessorImpl.newInstance(DelegatingConstructorAccessorImpl.java:45)
	at java.base/java.lang.reflect.Constructor.newInstance(Constructor.java:490)
	at java.base/java.lang.Class.newInstance(Class.java:584)
	at org.openqa.selenium.support.PageFactory.instantiatePage(PageFactory.java:131)
	at org.openqa.selenium.support.PageFactory.initElements(PageFactory.java:64)
	at stepDefinitions.StepsForFeature.user_complete_intake_work_flow(StepsForFeature.java:1526)
	at âœ½.User Complete Intake WorkFlow(file:///C:/Users/vthorat/Downloads/KETU_JUNIT_Nehal/KETUSanityCucumber/./Positive/FeaturePositiveFlow.feature:122)
</textarea>
		</li>
	</ul>
</div>
<div class='scenario node' test-id='101' status='fail'>

	<span class='duration right label'>00 00 00.007</span>
	<div class="bdd-test">
		<div class="scenario-name"><span class='status fail' title='Fail'><i class='material-icons'>cancel</i></span> Scenario: Complete BI WorkFlow</div>
	</div>
	
	
		<div class='category-list'>
				<span class='category label'>@PositiveFlow</span>
		</div>
	
	<ul class='steps'>
		<li test-id='102' class='node when Fail' status='Fail'>
			<div class="step-name" title="(stepDefinitions.StepsForFeature.user_complete_bi_work_flow())"><span class='status fail' title='Fail'><i class='material-icons'>cancel</i></span>When User Complete BI WorkFlow</div>


					<textarea disabled class="code-block">org.openqa.selenium.NoSuchWindowException: no such window: target window already closed
from unknown error: web view not found
  (Session info: chrome=119.0.6045.106)
Build info: version: '3.8.1', revision: '6e95a6684b', time: '2017-12-01T18:33:54.468Z'
System info: host: 'TDS-5CG1075Y8C', ip: '10.245.10.29', os.name: 'Windows 10', os.arch: 'amd64', os.version: '10.0', java.version: '11.0.1'
Driver info: org.openqa.selenium.chrome.ChromeDriver
Capabilities {acceptInsecureCerts: false, browserName: chrome, browserVersion: 119.0.6045.106, chrome: {chromedriverVersion: 119.0.6045.105 (38c72552c5e..., userDataDir: C:\Users\vthorat\AppData\Lo...}, fedcm:accounts: true, goog:chromeOptions: {debuggerAddress: localhost:65275}, javascriptEnabled: true, networkConnectionEnabled: false, pageLoadStrategy: normal, platform: WINDOWS, platformName: WINDOWS, proxy: Proxy(), setWindowRect: true, strictFileInteractability: false, timeouts: {implicit: 0, pageLoad: 300000, script: 30000}, unhandledPromptBehavior: dismiss and notify, webauthn:extension:credBlob: true, webauthn:extension:largeBlob: true, webauthn:extension:minPinLength: true, webauthn:extension:prf: true, webauthn:virtualAuthenticators: true}
Session ID: 7823e846e991b66dd4b7a6b67364f843
	at java.base/jdk.internal.reflect.NativeConstructorAccessorImpl.newInstance0(Native Method)
	at java.base/jdk.internal.reflect.NativeConstructorAccessorImpl.newInstance(NativeConstructorAccessorImpl.java:62)
	at java.base/jdk.internal.reflect.DelegatingConstructorAccessorImpl.newInstance(DelegatingConstructorAccessorImpl.java:45)
	at java.base/java.lang.reflect.Constructor.newInstance(Constructor.java:490)
	at org.openqa.selenium.remote.http.W3CHttpResponseCodec.createException(W3CHttpResponseCodec.java:187)
	at org.openqa.selenium.remote.http.W3CHttpResponseCodec.decode(W3CHttpResponseCodec.java:122)
	at org.openqa.selenium.remote.http.W3CHttpResponseCodec.decode(W3CHttpResponseCodec.java:49)
	at org.openqa.selenium.remote.HttpCommandExecutor.execute(HttpCommandExecutor.java:164)
	at org.openqa.selenium.remote.service.DriverCommandExecutor.execute(DriverCommandExecutor.java:83)
	at org.openqa.selenium.remote.RemoteWebDriver.execute(RemoteWebDriver.java:601)
	at org.openqa.selenium.remote.RemoteWebDriver.execute(RemoteWebDriver.java:658)
	at org.openqa.selenium.remote.RemoteWebDriver.getWindowHandle(RemoteWebDriver.java:518)
	at dataPackage.PAData.<init>(PAData.java:83)
	at java.base/jdk.internal.reflect.NativeConstructorAccessorImpl.newInstance0(Native Method)
	at java.base/jdk.internal.reflect.NativeConstructorAccessorImpl.newInstance(NativeConstructorAccessorImpl.java:62)
	at java.base/jdk.internal.reflect.DelegatingConstructorAccessorImpl.newInstance(DelegatingConstructorAccessorImpl.java:45)
	at java.base/java.lang.reflect.Constructor.newInstance(Constructor.java:490)
	at java.base/java.lang.Class.newInstance(Class.java:584)
	at org.openqa.selenium.support.PageFactory.instantiatePage(PageFactory.java:131)
	at org.openqa.selenium.support.PageFactory.initElements(PageFactory.java:64)
	at methodPackage.POSMethod.<init>(POSMethod.java:22)
	at java.base/jdk.internal.reflect.NativeConstructorAccessorImpl.newInstance0(Native Method)
	at java.base/jdk.internal.reflect.NativeConstructorAccessorImpl.newInstance(NativeConstructorAccessorImpl.java:62)
	at java.base/jdk.internal.reflect.DelegatingConstructorAccessorImpl.newInstance(DelegatingConstructorAccessorImpl.java:45)
	at java.base/java.lang.reflect.Constructor.newInstance(Constructor.java:490)
	at java.base/java.lang.Class.newInstance(Class.java:584)
	at org.openqa.selenium.support.PageFactory.instantiatePage(PageFactory.java:131)
	at org.openqa.selenium.support.PageFactory.initElements(PageFactory.java:64)
	at stepDefinitions.StepsForFeature.user_complete_bi_work_flow(StepsForFeature.java:1534)
	at âœ½.User Complete BI WorkFlow(file:///C:/Users/vthorat/Downloads/KETU_JUNIT_Nehal/KETUSanityCucumber/./Positive/FeaturePositiveFlow.feature:125)
</textarea>
		</li>
	</ul>
</div>
<div class='scenario node' test-id='103' status='fail'>

	<span class='duration right label'>00 00 00.008</span>
	<div class="bdd-test">
		<div class="scenario-name"><span class='status fail' title='Fail'><i class='material-icons'>cancel</i></span> Scenario: Complete COC WorkFlow</div>
	</div>
	
	
		<div class='category-list'>
				<span class='category label'>@PositiveFlow</span>
		</div>
	
	<ul class='steps'>
		<li test-id='104' class='node when Fail' status='Fail'>
			<div class="step-name" title="(stepDefinitions.StepsForFeature.user_complete_coc_work_flow())"><span class='status fail' title='Fail'><i class='material-icons'>cancel</i></span>When User Complete COC WorkFlow</div>


					<textarea disabled class="code-block">org.openqa.selenium.NoSuchWindowException: no such window: target window already closed
from unknown error: web view not found
  (Session info: chrome=119.0.6045.106)
Build info: version: '3.8.1', revision: '6e95a6684b', time: '2017-12-01T18:33:54.468Z'
System info: host: 'TDS-5CG1075Y8C', ip: '10.245.10.29', os.name: 'Windows 10', os.arch: 'amd64', os.version: '10.0', java.version: '11.0.1'
Driver info: org.openqa.selenium.chrome.ChromeDriver
Capabilities {acceptInsecureCerts: false, browserName: chrome, browserVersion: 119.0.6045.106, chrome: {chromedriverVersion: 119.0.6045.105 (38c72552c5e..., userDataDir: C:\Users\vthorat\AppData\Lo...}, fedcm:accounts: true, goog:chromeOptions: {debuggerAddress: localhost:65275}, javascriptEnabled: true, networkConnectionEnabled: false, pageLoadStrategy: normal, platform: WINDOWS, platformName: WINDOWS, proxy: Proxy(), setWindowRect: true, strictFileInteractability: false, timeouts: {implicit: 0, pageLoad: 300000, script: 30000}, unhandledPromptBehavior: dismiss and notify, webauthn:extension:credBlob: true, webauthn:extension:largeBlob: true, webauthn:extension:minPinLength: true, webauthn:extension:prf: true, webauthn:virtualAuthenticators: true}
Session ID: 7823e846e991b66dd4b7a6b67364f843
	at java.base/jdk.internal.reflect.NativeConstructorAccessorImpl.newInstance0(Native Method)
	at java.base/jdk.internal.reflect.NativeConstructorAccessorImpl.newInstance(NativeConstructorAccessorImpl.java:62)
	at java.base/jdk.internal.reflect.DelegatingConstructorAccessorImpl.newInstance(DelegatingConstructorAccessorImpl.java:45)
	at java.base/java.lang.reflect.Constructor.newInstance(Constructor.java:490)
	at org.openqa.selenium.remote.http.W3CHttpResponseCodec.createException(W3CHttpResponseCodec.java:187)
	at org.openqa.selenium.remote.http.W3CHttpResponseCodec.decode(W3CHttpResponseCodec.java:122)
	at org.openqa.selenium.remote.http.W3CHttpResponseCodec.decode(W3CHttpResponseCodec.java:49)
	at org.openqa.selenium.remote.HttpCommandExecutor.execute(HttpCommandExecutor.java:164)
	at org.openqa.selenium.remote.service.DriverCommandExecutor.execute(DriverCommandExecutor.java:83)
	at org.openqa.selenium.remote.RemoteWebDriver.execute(RemoteWebDriver.java:601)
	at org.openqa.selenium.remote.RemoteWebDriver.execute(RemoteWebDriver.java:658)
	at org.openqa.selenium.remote.RemoteWebDriver.getWindowHandle(RemoteWebDriver.java:518)
	at dataPackage.PAData.<init>(PAData.java:83)
	at java.base/jdk.internal.reflect.NativeConstructorAccessorImpl.newInstance0(Native Method)
	at java.base/jdk.internal.reflect.NativeConstructorAccessorImpl.newInstance(NativeConstructorAccessorImpl.java:62)
	at java.base/jdk.internal.reflect.DelegatingConstructorAccessorImpl.newInstance(DelegatingConstructorAccessorImpl.java:45)
	at java.base/java.lang.reflect.Constructor.newInstance(Constructor.java:490)
	at java.base/java.lang.Class.newInstance(Class.java:584)
	at org.openqa.selenium.support.PageFactory.instantiatePage(PageFactory.java:131)
	at org.openqa.selenium.support.PageFactory.initElements(PageFactory.java:64)
	at methodPackage.POSMethod.<init>(POSMethod.java:22)
	at java.base/jdk.internal.reflect.NativeConstructorAccessorImpl.newInstance0(Native Method)
	at java.base/jdk.internal.reflect.NativeConstructorAccessorImpl.newInstance(NativeConstructorAccessorImpl.java:62)
	at java.base/jdk.internal.reflect.DelegatingConstructorAccessorImpl.newInstance(DelegatingConstructorAccessorImpl.java:45)
	at java.base/java.lang.reflect.Constructor.newInstance(Constructor.java:490)
	at java.base/java.lang.Class.newInstance(Class.java:584)
	at org.openqa.selenium.support.PageFactory.instantiatePage(PageFactory.java:131)
	at org.openqa.selenium.support.PageFactory.initElements(PageFactory.java:64)
	at stepDefinitions.StepsForFeature.user_complete_coc_work_flow(StepsForFeature.java:1542)
	at âœ½.User Complete COC WorkFlow(file:///C:/Users/vthorat/Downloads/KETU_JUNIT_Nehal/KETUSanityCucumber/./Positive/FeaturePositiveFlow.feature:128)
</textarea>
		</li>
	</ul>
</div>
<div class='scenario node' test-id='105' status='fail'>

	<span class='duration right label'>00 00 00.010</span>
	<div class="bdd-test">
		<div class="scenario-name"><span class='status fail' title='Fail'><i class='material-icons'>cancel</i></span> Scenario: Complete CoD WorkFlow</div>
	</div>
	
	
		<div class='category-list'>
				<span class='category label'>@PositiveFlow</span>
		</div>
	
	<ul class='steps'>
		<li test-id='106' class='node when Fail' status='Fail'>
			<div class="step-name" title="(stepDefinitions.StepsForFeature.user_complete_co_d_work_flow())"><span class='status fail' title='Fail'><i class='material-icons'>cancel</i></span>When User Complete CoD WorkFlow</div>


					<textarea disabled class="code-block">org.openqa.selenium.NoSuchWindowException: no such window: target window already closed
from unknown error: web view not found
  (Session info: chrome=119.0.6045.106)
Build info: version: '3.8.1', revision: '6e95a6684b', time: '2017-12-01T18:33:54.468Z'
System info: host: 'TDS-5CG1075Y8C', ip: '10.245.10.29', os.name: 'Windows 10', os.arch: 'amd64', os.version: '10.0', java.version: '11.0.1'
Driver info: org.openqa.selenium.chrome.ChromeDriver
Capabilities {acceptInsecureCerts: false, browserName: chrome, browserVersion: 119.0.6045.106, chrome: {chromedriverVersion: 119.0.6045.105 (38c72552c5e..., userDataDir: C:\Users\vthorat\AppData\Lo...}, fedcm:accounts: true, goog:chromeOptions: {debuggerAddress: localhost:65275}, javascriptEnabled: true, networkConnectionEnabled: false, pageLoadStrategy: normal, platform: WINDOWS, platformName: WINDOWS, proxy: Proxy(), setWindowRect: true, strictFileInteractability: false, timeouts: {implicit: 0, pageLoad: 300000, script: 30000}, unhandledPromptBehavior: dismiss and notify, webauthn:extension:credBlob: true, webauthn:extension:largeBlob: true, webauthn:extension:minPinLength: true, webauthn:extension:prf: true, webauthn:virtualAuthenticators: true}
Session ID: 7823e846e991b66dd4b7a6b67364f843
	at java.base/jdk.internal.reflect.NativeConstructorAccessorImpl.newInstance0(Native Method)
	at java.base/jdk.internal.reflect.NativeConstructorAccessorImpl.newInstance(NativeConstructorAccessorImpl.java:62)
	at java.base/jdk.internal.reflect.DelegatingConstructorAccessorImpl.newInstance(DelegatingConstructorAccessorImpl.java:45)
	at java.base/java.lang.reflect.Constructor.newInstance(Constructor.java:490)
	at org.openqa.selenium.remote.http.W3CHttpResponseCodec.createException(W3CHttpResponseCodec.java:187)
	at org.openqa.selenium.remote.http.W3CHttpResponseCodec.decode(W3CHttpResponseCodec.java:122)
	at org.openqa.selenium.remote.http.W3CHttpResponseCodec.decode(W3CHttpResponseCodec.java:49)
	at org.openqa.selenium.remote.HttpCommandExecutor.execute(HttpCommandExecutor.java:164)
	at org.openqa.selenium.remote.service.DriverCommandExecutor.execute(DriverCommandExecutor.java:83)
	at org.openqa.selenium.remote.RemoteWebDriver.execute(RemoteWebDriver.java:601)
	at org.openqa.selenium.remote.RemoteWebDriver.execute(RemoteWebDriver.java:658)
	at org.openqa.selenium.remote.RemoteWebDriver.getWindowHandle(RemoteWebDriver.java:518)
	at dataPackage.PAData.<init>(PAData.java:83)
	at java.base/jdk.internal.reflect.NativeConstructorAccessorImpl.newInstance0(Native Method)
	at java.base/jdk.internal.reflect.NativeConstructorAccessorImpl.newInstance(NativeConstructorAccessorImpl.java:62)
	at java.base/jdk.internal.reflect.DelegatingConstructorAccessorImpl.newInstance(DelegatingConstructorAccessorImpl.java:45)
	at java.base/java.lang.reflect.Constructor.newInstance(Constructor.java:490)
	at java.base/java.lang.Class.newInstance(Class.java:584)
	at org.openqa.selenium.support.PageFactory.instantiatePage(PageFactory.java:131)
	at org.openqa.selenium.support.PageFactory.initElements(PageFactory.java:64)
	at methodPackage.POSMethod.<init>(POSMethod.java:22)
	at java.base/jdk.internal.reflect.NativeConstructorAccessorImpl.newInstance0(Native Method)
	at java.base/jdk.internal.reflect.NativeConstructorAccessorImpl.newInstance(NativeConstructorAccessorImpl.java:62)
	at java.base/jdk.internal.reflect.DelegatingConstructorAccessorImpl.newInstance(DelegatingConstructorAccessorImpl.java:45)
	at java.base/java.lang.reflect.Constructor.newInstance(Constructor.java:490)
	at java.base/java.lang.Class.newInstance(Class.java:584)
	at org.openqa.selenium.support.PageFactory.instantiatePage(PageFactory.java:131)
	at org.openqa.selenium.support.PageFactory.initElements(PageFactory.java:64)
	at stepDefinitions.StepsForFeature.user_complete_co_d_work_flow(StepsForFeature.java:1550)
	at âœ½.User Complete CoD WorkFlow(file:///C:/Users/vthorat/Downloads/KETU_JUNIT_Nehal/KETUSanityCucumber/./Positive/FeaturePositiveFlow.feature:131)
</textarea>
		</li>
	</ul>
</div>
<div class='scenario node' test-id='107' status='fail'>

	<span class='duration right label'>00 00 00.008</span>
	<div class="bdd-test">
		<div class="scenario-name"><span class='status fail' title='Fail'><i class='material-icons'>cancel</i></span> Scenario: Complete POS WorkFlow</div>
	</div>
	
	
		<div class='category-list'>
				<span class='category label'>@PositiveFlow</span>
		</div>
	
	<ul class='steps'>
		<li test-id='108' class='node when Fail' status='Fail'>
			<div class="step-name" title="(stepDefinitions.StepsForFeature.user_complete_pos_work_flow())"><span class='status fail' title='Fail'><i class='material-icons'>cancel</i></span>When User Complete POS WorkFlow</div>


					<textarea disabled class="code-block">org.openqa.selenium.NoSuchWindowException: no such window: target window already closed
from unknown error: web view not found
  (Session info: chrome=119.0.6045.106)
Build info: version: '3.8.1', revision: '6e95a6684b', time: '2017-12-01T18:33:54.468Z'
System info: host: 'TDS-5CG1075Y8C', ip: '10.245.10.29', os.name: 'Windows 10', os.arch: 'amd64', os.version: '10.0', java.version: '11.0.1'
Driver info: org.openqa.selenium.chrome.ChromeDriver
Capabilities {acceptInsecureCerts: false, browserName: chrome, browserVersion: 119.0.6045.106, chrome: {chromedriverVersion: 119.0.6045.105 (38c72552c5e..., userDataDir: C:\Users\vthorat\AppData\Lo...}, fedcm:accounts: true, goog:chromeOptions: {debuggerAddress: localhost:65275}, javascriptEnabled: true, networkConnectionEnabled: false, pageLoadStrategy: normal, platform: WINDOWS, platformName: WINDOWS, proxy: Proxy(), setWindowRect: true, strictFileInteractability: false, timeouts: {implicit: 0, pageLoad: 300000, script: 30000}, unhandledPromptBehavior: dismiss and notify, webauthn:extension:credBlob: true, webauthn:extension:largeBlob: true, webauthn:extension:minPinLength: true, webauthn:extension:prf: true, webauthn:virtualAuthenticators: true}
Session ID: 7823e846e991b66dd4b7a6b67364f843
	at java.base/jdk.internal.reflect.NativeConstructorAccessorImpl.newInstance0(Native Method)
	at java.base/jdk.internal.reflect.NativeConstructorAccessorImpl.newInstance(NativeConstructorAccessorImpl.java:62)
	at java.base/jdk.internal.reflect.DelegatingConstructorAccessorImpl.newInstance(DelegatingConstructorAccessorImpl.java:45)
	at java.base/java.lang.reflect.Constructor.newInstance(Constructor.java:490)
	at org.openqa.selenium.remote.http.W3CHttpResponseCodec.createException(W3CHttpResponseCodec.java:187)
	at org.openqa.selenium.remote.http.W3CHttpResponseCodec.decode(W3CHttpResponseCodec.java:122)
	at org.openqa.selenium.remote.http.W3CHttpResponseCodec.decode(W3CHttpResponseCodec.java:49)
	at org.openqa.selenium.remote.HttpCommandExecutor.execute(HttpCommandExecutor.java:164)
	at org.openqa.selenium.remote.service.DriverCommandExecutor.execute(DriverCommandExecutor.java:83)
	at org.openqa.selenium.remote.RemoteWebDriver.execute(RemoteWebDriver.java:601)
	at org.openqa.selenium.remote.RemoteWebDriver.execute(RemoteWebDriver.java:658)
	at org.openqa.selenium.remote.RemoteWebDriver.getWindowHandle(RemoteWebDriver.java:518)
	at dataPackage.PAData.<init>(PAData.java:83)
	at java.base/jdk.internal.reflect.NativeConstructorAccessorImpl.newInstance0(Native Method)
	at java.base/jdk.internal.reflect.NativeConstructorAccessorImpl.newInstance(NativeConstructorAccessorImpl.java:62)
	at java.base/jdk.internal.reflect.DelegatingConstructorAccessorImpl.newInstance(DelegatingConstructorAccessorImpl.java:45)
	at java.base/java.lang.reflect.Constructor.newInstance(Constructor.java:490)
	at java.base/java.lang.Class.newInstance(Class.java:584)
	at org.openqa.selenium.support.PageFactory.instantiatePage(PageFactory.java:131)
	at org.openqa.selenium.support.PageFactory.initElements(PageFactory.java:64)
	at methodPackage.POSMethod.<init>(POSMethod.java:22)
	at java.base/jdk.internal.reflect.NativeConstructorAccessorImpl.newInstance0(Native Method)
	at java.base/jdk.internal.reflect.NativeConstructorAccessorImpl.newInstance(NativeConstructorAccessorImpl.java:62)
	at java.base/jdk.internal.reflect.DelegatingConstructorAccessorImpl.newInstance(DelegatingConstructorAccessorImpl.java:45)
	at java.base/java.lang.reflect.Constructor.newInstance(Constructor.java:490)
	at java.base/java.lang.Class.newInstance(Class.java:584)
	at org.openqa.selenium.support.PageFactory.instantiatePage(PageFactory.java:131)
	at org.openqa.selenium.support.PageFactory.initElements(PageFactory.java:64)
	at stepDefinitions.StepsForFeature.user_complete_pos_work_flow(StepsForFeature.java:1558)
	at âœ½.User Complete POS WorkFlow(file:///C:/Users/vthorat/Downloads/KETU_JUNIT_Nehal/KETUSanityCucumber/./Positive/FeaturePositiveFlow.feature:134)
</textarea>
		</li>
	</ul>
</div>
<div class='scenario node' test-id='109' status='fail'>

	<span class='duration right label'>00 00 00.019</span>
	<div class="bdd-test">
		<div class="scenario-name"><span class='status fail' title='Fail'><i class='material-icons'>cancel</i></span> Scenario: Complete PE WorkFlow</div>
	</div>
	
	
		<div class='category-list'>
				<span class='category label'>@PositiveFlow</span>
		</div>
	
	<ul class='steps'>
		<li test-id='110' class='node when Fail' status='Fail'>
			<div class="step-name" title="(stepDefinitions.StepsForFeature.user_complete_pe_work_flow())"><span class='status fail' title='Fail'><i class='material-icons'>cancel</i></span>When User Complete PE WorkFlow</div>


					<textarea disabled class="code-block">org.openqa.selenium.NoSuchWindowException: no such window: target window already closed
from unknown error: web view not found
  (Session info: chrome=119.0.6045.106)
Build info: version: '3.8.1', revision: '6e95a6684b', time: '2017-12-01T18:33:54.468Z'
System info: host: 'TDS-5CG1075Y8C', ip: '10.245.10.29', os.name: 'Windows 10', os.arch: 'amd64', os.version: '10.0', java.version: '11.0.1'
Driver info: org.openqa.selenium.chrome.ChromeDriver
Capabilities {acceptInsecureCerts: false, browserName: chrome, browserVersion: 119.0.6045.106, chrome: {chromedriverVersion: 119.0.6045.105 (38c72552c5e..., userDataDir: C:\Users\vthorat\AppData\Lo...}, fedcm:accounts: true, goog:chromeOptions: {debuggerAddress: localhost:65275}, javascriptEnabled: true, networkConnectionEnabled: false, pageLoadStrategy: normal, platform: WINDOWS, platformName: WINDOWS, proxy: Proxy(), setWindowRect: true, strictFileInteractability: false, timeouts: {implicit: 0, pageLoad: 300000, script: 30000}, unhandledPromptBehavior: dismiss and notify, webauthn:extension:credBlob: true, webauthn:extension:largeBlob: true, webauthn:extension:minPinLength: true, webauthn:extension:prf: true, webauthn:virtualAuthenticators: true}
Session ID: 7823e846e991b66dd4b7a6b67364f843
	at java.base/jdk.internal.reflect.NativeConstructorAccessorImpl.newInstance0(Native Method)
	at java.base/jdk.internal.reflect.NativeConstructorAccessorImpl.newInstance(NativeConstructorAccessorImpl.java:62)
	at java.base/jdk.internal.reflect.DelegatingConstructorAccessorImpl.newInstance(DelegatingConstructorAccessorImpl.java:45)
	at java.base/java.lang.reflect.Constructor.newInstance(Constructor.java:490)
	at org.openqa.selenium.remote.http.W3CHttpResponseCodec.createException(W3CHttpResponseCodec.java:187)
	at org.openqa.selenium.remote.http.W3CHttpResponseCodec.decode(W3CHttpResponseCodec.java:122)
	at org.openqa.selenium.remote.http.W3CHttpResponseCodec.decode(W3CHttpResponseCodec.java:49)
	at org.openqa.selenium.remote.HttpCommandExecutor.execute(HttpCommandExecutor.java:164)
	at org.openqa.selenium.remote.service.DriverCommandExecutor.execute(DriverCommandExecutor.java:83)
	at org.openqa.selenium.remote.RemoteWebDriver.execute(RemoteWebDriver.java:601)
	at org.openqa.selenium.remote.RemoteWebDriver.execute(RemoteWebDriver.java:658)
	at org.openqa.selenium.remote.RemoteWebDriver.getWindowHandle(RemoteWebDriver.java:518)
	at dataPackage.PAData.<init>(PAData.java:83)
	at java.base/jdk.internal.reflect.NativeConstructorAccessorImpl.newInstance0(Native Method)
	at java.base/jdk.internal.reflect.NativeConstructorAccessorImpl.newInstance(NativeConstructorAccessorImpl.java:62)
	at java.base/jdk.internal.reflect.DelegatingConstructorAccessorImpl.newInstance(DelegatingConstructorAccessorImpl.java:45)
	at java.base/java.lang.reflect.Constructor.newInstance(Constructor.java:490)
	at java.base/java.lang.Class.newInstance(Class.java:584)
	at org.openqa.selenium.support.PageFactory.instantiatePage(PageFactory.java:131)
	at org.openqa.selenium.support.PageFactory.initElements(PageFactory.java:64)
	at methodPackage.POSMethod.<init>(POSMethod.java:22)
	at java.base/jdk.internal.reflect.NativeConstructorAccessorImpl.newInstance0(Native Method)
	at java.base/jdk.internal.reflect.NativeConstructorAccessorImpl.newInstance(NativeConstructorAccessorImpl.java:62)
	at java.base/jdk.internal.reflect.DelegatingConstructorAccessorImpl.newInstance(DelegatingConstructorAccessorImpl.java:45)
	at java.base/java.lang.reflect.Constructor.newInstance(Constructor.java:490)
	at java.base/java.lang.Class.newInstance(Class.java:584)
	at org.openqa.selenium.support.PageFactory.instantiatePage(PageFactory.java:131)
	at org.openqa.selenium.support.PageFactory.initElements(PageFactory.java:64)
	at stepDefinitions.StepsForFeature.user_complete_pe_work_flow(StepsForFeature.java:1568)
	at âœ½.User Complete PE WorkFlow(file:///C:/Users/vthorat/Downloads/KETU_JUNIT_Nehal/KETUSanityCucumber/./Positive/FeaturePositiveFlow.feature:137)
</textarea>
		</li>
	</ul>
</div>
<div class='scenario node' test-id='111' status='fail'>

	<span class='duration right label'>00 00 00.008</span>
	<div class="bdd-test">
		<div class="scenario-name"><span class='status fail' title='Fail'><i class='material-icons'>cancel</i></span> Scenario: Create Refill Case</div>
	</div>
	
	
		<div class='category-list'>
				<span class='category label'>@PositiveFlow</span>
		</div>
	
	<ul class='steps'>
		<li test-id='112' class='node when Fail' status='Fail'>
			<div class="step-name" title="(stepDefinitions.StepsForFeature.user_create_refill_case())"><span class='status fail' title='Fail'><i class='material-icons'>cancel</i></span>When User create refill case</div>


					<textarea disabled class="code-block">org.openqa.selenium.NoSuchWindowException: no such window: target window already closed
from unknown error: web view not found
  (Session info: chrome=119.0.6045.106)
Build info: version: '3.8.1', revision: '6e95a6684b', time: '2017-12-01T18:33:54.468Z'
System info: host: 'TDS-5CG1075Y8C', ip: '10.245.10.29', os.name: 'Windows 10', os.arch: 'amd64', os.version: '10.0', java.version: '11.0.1'
Driver info: org.openqa.selenium.chrome.ChromeDriver
Capabilities {acceptInsecureCerts: false, browserName: chrome, browserVersion: 119.0.6045.106, chrome: {chromedriverVersion: 119.0.6045.105 (38c72552c5e..., userDataDir: C:\Users\vthorat\AppData\Lo...}, fedcm:accounts: true, goog:chromeOptions: {debuggerAddress: localhost:65275}, javascriptEnabled: true, networkConnectionEnabled: false, pageLoadStrategy: normal, platform: WINDOWS, platformName: WINDOWS, proxy: Proxy(), setWindowRect: true, strictFileInteractability: false, timeouts: {implicit: 0, pageLoad: 300000, script: 30000}, unhandledPromptBehavior: dismiss and notify, webauthn:extension:credBlob: true, webauthn:extension:largeBlob: true, webauthn:extension:minPinLength: true, webauthn:extension:prf: true, webauthn:virtualAuthenticators: true}
Session ID: 7823e846e991b66dd4b7a6b67364f843
	at java.base/jdk.internal.reflect.NativeConstructorAccessorImpl.newInstance0(Native Method)
	at java.base/jdk.internal.reflect.NativeConstructorAccessorImpl.newInstance(NativeConstructorAccessorImpl.java:62)
	at java.base/jdk.internal.reflect.DelegatingConstructorAccessorImpl.newInstance(DelegatingConstructorAccessorImpl.java:45)
	at java.base/java.lang.reflect.Constructor.newInstance(Constructor.java:490)
	at org.openqa.selenium.remote.http.W3CHttpResponseCodec.createException(W3CHttpResponseCodec.java:187)
	at org.openqa.selenium.remote.http.W3CHttpResponseCodec.decode(W3CHttpResponseCodec.java:122)
	at org.openqa.selenium.remote.http.W3CHttpResponseCodec.decode(W3CHttpResponseCodec.java:49)
	at org.openqa.selenium.remote.HttpCommandExecutor.execute(HttpCommandExecutor.java:164)
	at org.openqa.selenium.remote.service.DriverCommandExecutor.execute(DriverCommandExecutor.java:83)
	at org.openqa.selenium.remote.RemoteWebDriver.execute(RemoteWebDriver.java:601)
	at org.openqa.selenium.remote.RemoteWebDriver.execute(RemoteWebDriver.java:658)
	at org.openqa.selenium.remote.RemoteWebDriver.getWindowHandle(RemoteWebDriver.java:518)
	at dataPackage.PAData.<init>(PAData.java:83)
	at java.base/jdk.internal.reflect.NativeConstructorAccessorImpl.newInstance0(Native Method)
	at java.base/jdk.internal.reflect.NativeConstructorAccessorImpl.newInstance(NativeConstructorAccessorImpl.java:62)
	at java.base/jdk.internal.reflect.DelegatingConstructorAccessorImpl.newInstance(DelegatingConstructorAccessorImpl.java:45)
	at java.base/java.lang.reflect.Constructor.newInstance(Constructor.java:490)
	at java.base/java.lang.Class.newInstance(Class.java:584)
	at org.openqa.selenium.support.PageFactory.instantiatePage(PageFactory.java:131)
	at org.openqa.selenium.support.PageFactory.initElements(PageFactory.java:64)
	at methodPackage.POSMethod.<init>(POSMethod.java:22)
	at java.base/jdk.internal.reflect.NativeConstructorAccessorImpl.newInstance0(Native Method)
	at java.base/jdk.internal.reflect.NativeConstructorAccessorImpl.newInstance(NativeConstructorAccessorImpl.java:62)
	at java.base/jdk.internal.reflect.DelegatingConstructorAccessorImpl.newInstance(DelegatingConstructorAccessorImpl.java:45)
	at java.base/java.lang.reflect.Constructor.newInstance(Constructor.java:490)
	at java.base/java.lang.Class.newInstance(Class.java:584)
	at org.openqa.selenium.support.PageFactory.instantiatePage(PageFactory.java:131)
	at org.openqa.selenium.support.PageFactory.initElements(PageFactory.java:64)
	at stepDefinitions.StepsForFeature.user_create_refill_case(StepsForFeature.java:1576)
	at âœ½.User create refill case(file:///C:/Users/vthorat/Downloads/KETU_JUNIT_Nehal/KETUSanityCucumber/./Positive/FeaturePositiveFlow.feature:140)
</textarea>
		</li>
	</ul>
</div>
<div class='scenario node' test-id='113' status='fail'>

	<span class='duration right label'>00 00 05.399</span>
	<div class="bdd-test">
		<div class="scenario-name"><span class='status fail' title='Fail'><i class='material-icons'>cancel</i></span> Scenario: Verify Communication Log With Valid Data</div>
	</div>
	
	
		<div class='category-list'>
				<span class='category label'>@PositiveFlow</span>
		</div>
	
	<ul class='steps'>
		<li test-id='114' class='node when Fail' status='Fail'>
			<div class="step-name" title="(stepDefinitions.StepsForFeature.user_try_to_save_communication_log_with_valid_date())"><span class='status fail' title='Fail'><i class='material-icons'>cancel</i></span>When User try to save Communication Log with Valid date</div>


					<textarea disabled class="code-block">org.openqa.selenium.NoSuchWindowException: no such window: target window already closed
from unknown error: web view not found
  (Session info: chrome=119.0.6045.106)
Build info: version: '3.8.1', revision: '6e95a6684b', time: '2017-12-01T18:33:54.468Z'
System info: host: 'TDS-5CG1075Y8C', ip: '10.245.10.29', os.name: 'Windows 10', os.arch: 'amd64', os.version: '10.0', java.version: '11.0.1'
Driver info: org.openqa.selenium.chrome.ChromeDriver
Capabilities {acceptInsecureCerts: false, browserName: chrome, browserVersion: 119.0.6045.106, chrome: {chromedriverVersion: 119.0.6045.105 (38c72552c5e..., userDataDir: C:\Users\vthorat\AppData\Lo...}, fedcm:accounts: true, goog:chromeOptions: {debuggerAddress: localhost:65275}, javascriptEnabled: true, networkConnectionEnabled: false, pageLoadStrategy: normal, platform: WINDOWS, platformName: WINDOWS, proxy: Proxy(), setWindowRect: true, strictFileInteractability: false, timeouts: {implicit: 0, pageLoad: 300000, script: 30000}, unhandledPromptBehavior: dismiss and notify, webauthn:extension:credBlob: true, webauthn:extension:largeBlob: true, webauthn:extension:minPinLength: true, webauthn:extension:prf: true, webauthn:virtualAuthenticators: true}
Session ID: 7823e846e991b66dd4b7a6b67364f843
*** Element info: {Using=xpath, value=//*[@id='buttonGroup']/div/input[1]}
	at jdk.internal.reflect.GeneratedConstructorAccessor63.newInstance(Unknown Source)
	at java.base/jdk.internal.reflect.DelegatingConstructorAccessorImpl.newInstance(DelegatingConstructorAccessorImpl.java:45)
	at java.base/java.lang.reflect.Constructor.newInstance(Constructor.java:490)
	at org.openqa.selenium.remote.http.W3CHttpResponseCodec.createException(W3CHttpResponseCodec.java:187)
	at org.openqa.selenium.remote.http.W3CHttpResponseCodec.decode(W3CHttpResponseCodec.java:122)
	at org.openqa.selenium.remote.http.W3CHttpResponseCodec.decode(W3CHttpResponseCodec.java:49)
	at org.openqa.selenium.remote.HttpCommandExecutor.execute(HttpCommandExecutor.java:164)
	at org.openqa.selenium.remote.service.DriverCommandExecutor.execute(DriverCommandExecutor.java:83)
	at org.openqa.selenium.remote.RemoteWebDriver.execute(RemoteWebDriver.java:601)
	at org.openqa.selenium.remote.RemoteWebDriver.findElement(RemoteWebDriver.java:371)
	at org.openqa.selenium.remote.RemoteWebDriver.findElementByXPath(RemoteWebDriver.java:473)
	at org.openqa.selenium.By$ByXPath.findElement(By.java:361)
	at org.openqa.selenium.remote.RemoteWebDriver.findElement(RemoteWebDriver.java:363)
	at org.openqa.selenium.support.pagefactory.DefaultElementLocator.findElement(DefaultElementLocator.java:69)
	at org.openqa.selenium.support.pagefactory.internal.LocatingElementHandler.invoke(LocatingElementHandler.java:38)
	at com.sun.proxy.$Proxy21.click(Unknown Source)
	at dataPackage.CommunicationData.save(CommunicationData.java:157)
	at methodPackage.CommunicationMethods.CommunicationLogValidData(CommunicationMethods.java:217)
	at stepDefinitions.StepsForFeature.user_try_to_save_communication_log_with_valid_date(StepsForFeature.java:1631)
	at âœ½.User try to save Communication Log with Valid date(file:///C:/Users/vthorat/Downloads/KETU_JUNIT_Nehal/KETUSanityCucumber/./Positive/FeaturePositiveFlow.feature:144)
</textarea>
		</li>
	</ul>
</div>
<div class='scenario node' test-id='116' status='fail'>

	<span class='duration right label'>00 00 22.390</span>
	<div class="bdd-test">
		<div class="scenario-name"><span class='status fail' title='Fail'><i class='material-icons'>cancel</i></span> Scenario: Verify Fax send functionality</div>
	</div>
	
	
		<div class='category-list'>
				<span class='category label'>@PositiveFlow</span>
		</div>
	
	<ul class='steps'>
		<li test-id='117' class='node when Fail' status='Fail'>
			<div class="step-name" title="(stepDefinitions.StepsForFeature.user_send_fax_successfully())"><span class='status fail' title='Fail'><i class='material-icons'>cancel</i></span>When User send Fax successfully</div>


					<textarea disabled class="code-block">org.openqa.selenium.NoSuchWindowException: no such window: target window already closed
from unknown error: web view not found
  (Session info: chrome=119.0.6045.106)
Build info: version: '3.8.1', revision: '6e95a6684b', time: '2017-12-01T18:33:54.468Z'
System info: host: 'TDS-5CG1075Y8C', ip: '10.245.10.29', os.name: 'Windows 10', os.arch: 'amd64', os.version: '10.0', java.version: '11.0.1'
Driver info: org.openqa.selenium.chrome.ChromeDriver
Capabilities {acceptInsecureCerts: false, browserName: chrome, browserVersion: 119.0.6045.106, chrome: {chromedriverVersion: 119.0.6045.105 (38c72552c5e..., userDataDir: C:\Users\vthorat\AppData\Lo...}, fedcm:accounts: true, goog:chromeOptions: {debuggerAddress: localhost:65275}, javascriptEnabled: true, networkConnectionEnabled: false, pageLoadStrategy: normal, platform: WINDOWS, platformName: WINDOWS, proxy: Proxy(), setWindowRect: true, strictFileInteractability: false, timeouts: {implicit: 0, pageLoad: 300000, script: 30000}, unhandledPromptBehavior: dismiss and notify, webauthn:extension:credBlob: true, webauthn:extension:largeBlob: true, webauthn:extension:minPinLength: true, webauthn:extension:prf: true, webauthn:virtualAuthenticators: true}
Session ID: 7823e846e991b66dd4b7a6b67364f843
*** Element info: {Using=xpath, value=//*[@id='loginPageLogoCommonFluidHeader1']}
	at jdk.internal.reflect.GeneratedConstructorAccessor63.newInstance(Unknown Source)
	at java.base/jdk.internal.reflect.DelegatingConstructorAccessorImpl.newInstance(DelegatingConstructorAccessorImpl.java:45)
	at java.base/java.lang.reflect.Constructor.newInstance(Constructor.java:490)
	at org.openqa.selenium.remote.http.W3CHttpResponseCodec.createException(W3CHttpResponseCodec.java:187)
	at org.openqa.selenium.remote.http.W3CHttpResponseCodec.decode(W3CHttpResponseCodec.java:122)
	at org.openqa.selenium.remote.http.W3CHttpResponseCodec.decode(W3CHttpResponseCodec.java:49)
	at org.openqa.selenium.remote.HttpCommandExecutor.execute(HttpCommandExecutor.java:164)
	at org.openqa.selenium.remote.service.DriverCommandExecutor.execute(DriverCommandExecutor.java:83)
	at org.openqa.selenium.remote.RemoteWebDriver.execute(RemoteWebDriver.java:601)
	at org.openqa.selenium.remote.RemoteWebDriver.findElement(RemoteWebDriver.java:371)
	at org.openqa.selenium.remote.RemoteWebDriver.findElementByXPath(RemoteWebDriver.java:473)
	at org.openqa.selenium.By$ByXPath.findElement(By.java:361)
	at org.openqa.selenium.remote.RemoteWebDriver.findElement(RemoteWebDriver.java:363)
	at org.openqa.selenium.support.pagefactory.DefaultElementLocator.findElement(DefaultElementLocator.java:69)
	at org.openqa.selenium.support.pagefactory.internal.LocatingElementHandler.invoke(LocatingElementHandler.java:38)
	at com.sun.proxy.$Proxy21.toString(Unknown Source)
	at java.base/java.lang.String.valueOf(String.java:2951)
	at java.base/java.lang.StringBuilder.append(StringBuilder.java:168)
	at org.openqa.selenium.support.ui.ExpectedConditions$23.toString(ExpectedConditions.java:685)
	at java.base/java.lang.String.valueOf(String.java:2951)
	at java.base/java.lang.StringBuilder.append(StringBuilder.java:168)
	at org.openqa.selenium.support.ui.FluentWait.until(FluentWait.java:227)
	at dataPackage.FaxSentData.navigateToHomePage(FaxSentData.java:169)
	at methodPackage.FaxSendMethods.FaxSend(FaxSendMethods.java:28)
	at stepDefinitions.StepsForFeature.user_send_fax_successfully(StepsForFeature.java:1642)
	at âœ½.User send Fax successfully(file:///C:/Users/vthorat/Downloads/KETU_JUNIT_Nehal/KETUSanityCucumber/./Positive/FeaturePositiveFlow.feature:148)
</textarea>
		</li>
	</ul>
</div>
<div class='scenario node' test-id='120' status='fail'>

	<span class='duration right label'>00 00 04.236</span>
	<div class="bdd-test">
		<div class="scenario-name"><span class='status fail' title='Fail'><i class='material-icons'>cancel</i></span> Scenario: Verify Fax assigned functionality</div>
	</div>
	
	
		<div class='category-list'>
				<span class='category label'>@PositiveFlow</span>
		</div>
	
	<ul class='steps'>
		<li test-id='121' class='node when Fail' status='Fail'>
			<div class="step-name" title="(stepDefinitions.StepsForFeature.user_assign_fax_successfully())"><span class='status fail' title='Fail'><i class='material-icons'>cancel</i></span>When User assign Fax successfully</div>


					<textarea disabled class="code-block">org.openqa.selenium.NoSuchWindowException: no such window: target window already closed
from unknown error: web view not found
  (Session info: chrome=119.0.6045.106)
Build info: version: '3.8.1', revision: '6e95a6684b', time: '2017-12-01T18:33:54.468Z'
System info: host: 'TDS-5CG1075Y8C', ip: '10.245.10.29', os.name: 'Windows 10', os.arch: 'amd64', os.version: '10.0', java.version: '11.0.1'
Driver info: org.openqa.selenium.chrome.ChromeDriver
Capabilities {acceptInsecureCerts: false, browserName: chrome, browserVersion: 119.0.6045.106, chrome: {chromedriverVersion: 119.0.6045.105 (38c72552c5e..., userDataDir: C:\Users\vthorat\AppData\Lo...}, fedcm:accounts: true, goog:chromeOptions: {debuggerAddress: localhost:65275}, javascriptEnabled: true, networkConnectionEnabled: false, pageLoadStrategy: normal, platform: WINDOWS, platformName: WINDOWS, proxy: Proxy(), setWindowRect: true, strictFileInteractability: false, timeouts: {implicit: 0, pageLoad: 300000, script: 30000}, unhandledPromptBehavior: dismiss and notify, webauthn:extension:credBlob: true, webauthn:extension:largeBlob: true, webauthn:extension:minPinLength: true, webauthn:extension:prf: true, webauthn:virtualAuthenticators: true}
Session ID: 7823e846e991b66dd4b7a6b67364f843
	at jdk.internal.reflect.GeneratedConstructorAccessor63.newInstance(Unknown Source)
	at java.base/jdk.internal.reflect.DelegatingConstructorAccessorImpl.newInstance(DelegatingConstructorAccessorImpl.java:45)
	at java.base/java.lang.reflect.Constructor.newInstance(Constructor.java:490)
	at org.openqa.selenium.remote.http.W3CHttpResponseCodec.createException(W3CHttpResponseCodec.java:187)
	at org.openqa.selenium.remote.http.W3CHttpResponseCodec.decode(W3CHttpResponseCodec.java:122)
	at org.openqa.selenium.remote.http.W3CHttpResponseCodec.decode(W3CHttpResponseCodec.java:49)
	at org.openqa.selenium.remote.HttpCommandExecutor.execute(HttpCommandExecutor.java:164)
	at org.openqa.selenium.remote.service.DriverCommandExecutor.execute(DriverCommandExecutor.java:83)
	at org.openqa.selenium.remote.RemoteWebDriver.execute(RemoteWebDriver.java:601)
	at org.openqa.selenium.remote.RemoteWebDriver.execute(RemoteWebDriver.java:658)
	at org.openqa.selenium.remote.RemoteWebDriver.getScreenshotAs(RemoteWebDriver.java:343)
	at testPackage.Base.CaptureScreen(Base.java:222)
	at methodPackage.FaxSendMethods.FaxInbox(FaxSendMethods.java:188)
	at stepDefinitions.StepsForFeature.user_assign_fax_successfully(StepsForFeature.java:1649)
	at âœ½.User assign Fax successfully(file:///C:/Users/vthorat/Downloads/KETU_JUNIT_Nehal/KETUSanityCucumber/./Positive/FeaturePositiveFlow.feature:151)
</textarea>
		</li>
	</ul>
</div>
					</div>
				</li>
			</ul>
		</div>
	</div>
	
	
	<!-- subview left -->
	<div class='subview-right left'>
		<div class='view-summary'>
			<div id='step-filters' class="right sr-filters">
				<a class="btn-floating waves-effect waves-light green" status="pass" alt="pass" title="pass"><i class="material-icons">check_circle</i></a>
				<a class="btn-floating waves-effect waves-light red" status="fail" alt="fail" title="fail"><i class="material-icons">cancel</i></a>
				<a class="btn-floating waves-effect waves-light red darken-4" status="fatal" alt="fatal" title="fatal"><i class="material-icons">cancel</i></a>
				<a class="btn-floating waves-effect waves-light pink text-lighten-1" status="error" alt="error" title="error"><i class="material-icons">error</i></a>
				<a class="btn-floating waves-effect waves-light orange" alt="warning" status="warning" title="warning"><i class="material-icons">warning</i></a>
				<a class="btn-floating waves-effect waves-light teal" status="skip" alt="skip" title="skip"><i class="material-icons">redo</i></a>
				<a class="btn-floating waves-effect waves-light grey" status="clear" alt="Clear filters" title="Clear filters"><i class="material-icons">clear</i></a>
			</div>
			<h5 class='test-name'></h5>
		</div>
	</div>
	<!-- subview right -->
</div>
<!-- test view --><div id='category-view' class='view hide'>
	<section id='controls'>
		<div class='controls grey lighten-4'>
			<!-- search -->
			<div class='chip transparent' alt='Search Tests' title='Search Tests'>
				<a href="#" class='search-div'>
				<i class='material-icons'>search</i> Search
				</a>
				<div class='input-field left hide'>
					<input id='search-tests' type='text' class='validate browser-default' placeholder='Search Tests...'>
				</div>
			</div>
			<!-- search -->
		</div>
	</section>
	<div class='subview-left left'>
		<div class='view-summary'>
			<ul id='category-collection' class='category-collection'>
				<li class='category displayed active'>
					<div class='category-heading'>
						<span class='category-name'>@PositiveFlow</span>
						<span class='category-status right'>
						<span class='label pass'>22</span>
						<span class='label fail'>15</span>
						</span>
					</div>
					<div class='category-content hide'>
						<div class='category-status-counts'>
							<span status="pass" class='label green accent-4 white-text'>Passed: 22</span>
							<span status="fail" class='label red lighten-1 white-text'>Failed: 15</span>
							
						</div>
						<div class='category-tests'>
							<table class='bordered table-results'>
								<thead>
									<tr>
										<th>Timestamp</th>
										<th>TestName</th>
										<th>Status</th>
									</tr>
								</thead>
								<tbody>
									<tr>
										<td>Nov 6, 2023 04:18:33 PM</td>
										<td class='linked' test-id='2'>Verify login with correct username and correct password</td>
										<td><span class='test-status Pass'>Pass</span></td>
									</tr>
									<tr>
										<td>Nov 6, 2023 04:18:57 PM</td>
										<td class='linked' test-id='8'>Add new patient record with valid data</td>
										<td><span class='test-status Pass'>Pass</span></td>
									</tr>
									<tr>
										<td>Nov 6, 2023 04:20:06 PM</td>
										<td class='linked' test-id='11'>Add new payor insurance record with valid data</td>
										<td><span class='test-status Pass'>Pass</span></td>
									</tr>
									<tr>
										<td>Nov 6, 2023 04:22:08 PM</td>
										<td class='linked' test-id='14'>Verify Service Preference with Valid Data</td>
										<td><span class='test-status Pass'>Pass</span></td>
									</tr>
									<tr>
										<td>Nov 6, 2023 04:22:28 PM</td>
										<td class='linked' test-id='17'>Click on Create case with All valid Data</td>
										<td><span class='test-status Pass'>Pass</span></td>
									</tr>
									<tr>
										<td>Nov 6, 2023 04:22:56 PM</td>
										<td class='linked' test-id='20'>Verify that the Add Presciprion Link is clickable or not</td>
										<td><span class='test-status Pass'>Pass</span></td>
									</tr>
									<tr>
										<td>Nov 6, 2023 04:23:09 PM</td>
										<td class='linked' test-id='24'>Verify the add presciption to case with positive data</td>
										<td><span class='test-status Pass'>Pass</span></td>
									</tr>
									<tr>
										<td>Nov 6, 2023 04:24:28 PM</td>
										<td class='linked' test-id='27'>Verify the save case banner with valid data</td>
										<td><span class='test-status Pass'>Pass</span></td>
									</tr>
									<tr>
										<td>Nov 6, 2023 04:25:14 PM</td>
										<td class='linked' test-id='30'>Click on Patient Consent Tab</td>
										<td><span class='test-status Pass'>Pass</span></td>
									</tr>
									<tr>
										<td>Nov 6, 2023 04:25:22 PM</td>
										<td class='linked' test-id='33'>Verify the Add Patient Consent Elements</td>
										<td><span class='test-status Pass'>Pass</span></td>
									</tr>
									<tr>
										<td>Nov 6, 2023 04:25:26 PM</td>
										<td class='linked' test-id='35'>Verify that Relationship Value should not accept numeric,alphabets,special characters values</td>
										<td><span class='test-status Pass'>Pass</span></td>
									</tr>
									<tr>
										<td>Nov 6, 2023 04:25:42 PM</td>
										<td class='linked' test-id='40'>Verify that Userrole Value should not accept numeric,alphabets,special characters values</td>
										<td><span class='test-status Pass'>Pass</span></td>
									</tr>
									<tr>
										<td>Nov 6, 2023 04:25:59 PM</td>
										<td class='linked' test-id='45'>Verify that Username Value should not accept numeric,alphabets,special characters values</td>
										<td><span class='test-status Pass'>Pass</span></td>
									</tr>
									<tr>
										<td>Nov 6, 2023 04:26:15 PM</td>
										<td class='linked' test-id='50'>Verify that Methods Value should not accept numeric,alphabets,special characters values</td>
										<td><span class='test-status Pass'>Pass</span></td>
									</tr>
									<tr>
										<td>Nov 6, 2023 04:26:32 PM</td>
										<td class='linked' test-id='55'>Verify that select correct value in methods dropdown</td>
										<td><span class='test-status Pass'>Pass</span></td>
									</tr>
									<tr>
										<td>Nov 6, 2023 04:26:41 PM</td>
										<td class='linked' test-id='58'>Verify that Consent Type Value should not accept numeric,alphabets,special characters values</td>
										<td><span class='test-status Pass'>Pass</span></td>
									</tr>
									<tr>
										<td>Nov 6, 2023 04:27:04 PM</td>
										<td class='linked' test-id='63'>Verify that select correct value in Consent Type</td>
										<td><span class='test-status Pass'>Pass</span></td>
									</tr>
									<tr>
										<td>Nov 6, 2023 04:27:04 PM</td>
										<td class='linked' test-id='66'>Verify that Add the Consent Type</td>
										<td><span class='test-status Fail'>Fail</span></td>
									</tr>
									<tr>
										<td>Nov 6, 2023 04:27:15 PM</td>
										<td class='linked' test-id='69'>Verify that save all consent activity</td>
										<td><span class='test-status Pass'>Pass</span></td>
									</tr>
									<tr>
										<td>Nov 6, 2023 04:27:26 PM</td>
										<td class='linked' test-id='72'>Save Pre BI with valid data</td>
										<td><span class='test-status Pass'>Pass</span></td>
									</tr>
									<tr>
										<td>Nov 6, 2023 04:28:01 PM</td>
										<td class='linked' test-id='76'>Save Prior Authorization with valid data</td>
										<td><span class='test-status Fail'>Fail</span></td>
									</tr>
									<tr>
										<td>Nov 6, 2023 04:28:42 PM</td>
										<td class='linked' test-id='80'>Save Appeal with valid data</td>
										<td><span class='test-status Fail'>Fail</span></td>
									</tr>
									<tr>
										<td>Nov 6, 2023 04:29:18 PM</td>
										<td class='linked' test-id='84'>Save Copay with valid data</td>
										<td><span class='test-status Pass'>Pass</span></td>
									</tr>
									<tr>
										<td>Nov 6, 2023 04:30:24 PM</td>
										<td class='linked' test-id='88'>Save Foundation with valid data</td>
										<td><span class='test-status Pass'>Pass</span></td>
									</tr>
									<tr>
										<td>Nov 6, 2023 04:32:53 PM</td>
										<td class='linked' test-id='90'>Verify that the Post BI permission</td>
										<td><span class='test-status Pass'>Pass</span></td>
									</tr>
									<tr>
										<td>Nov 6, 2023 04:32:53 PM</td>
										<td class='linked' test-id='94'>Save Post BI with valid data</td>
										<td><span class='test-status Fail'>Fail</span></td>
									</tr>
									<tr>
										<td>Nov 6, 2023 04:32:53 PM</td>
										<td class='linked' test-id='97'>Save POS with valid data</td>
										<td><span class='test-status Fail'>Fail</span></td>
									</tr>
									<tr>
										<td>Nov 6, 2023 04:32:53 PM</td>
										<td class='linked' test-id='99'>Complete Intake WorkFlow</td>
										<td><span class='test-status Fail'>Fail</span></td>
									</tr>
									<tr>
										<td>Nov 6, 2023 04:32:53 PM</td>
										<td class='linked' test-id='101'>Complete BI WorkFlow</td>
										<td><span class='test-status Fail'>Fail</span></td>
									</tr>
									<tr>
										<td>Nov 6, 2023 04:32:53 PM</td>
										<td class='linked' test-id='103'>Complete COC WorkFlow</td>
										<td><span class='test-status Fail'>Fail</span></td>
									</tr>
									<tr>
										<td>Nov 6, 2023 04:32:53 PM</td>
										<td class='linked' test-id='105'>Complete CoD WorkFlow</td>
										<td><span class='test-status Fail'>Fail</span></td>
									</tr>
									<tr>
										<td>Nov 6, 2023 04:32:53 PM</td>
										<td class='linked' test-id='107'>Complete POS WorkFlow</td>
										<td><span class='test-status Fail'>Fail</span></td>
									</tr>
									<tr>
										<td>Nov 6, 2023 04:32:54 PM</td>
										<td class='linked' test-id='109'>Complete PE WorkFlow</td>
										<td><span class='test-status Fail'>Fail</span></td>
									</tr>
									<tr>
										<td>Nov 6, 2023 04:32:54 PM</td>
										<td class='linked' test-id='111'>Create Refill Case</td>
										<td><span class='test-status Fail'>Fail</span></td>
									</tr>
									<tr>
										<td>Nov 6, 2023 04:32:54 PM</td>
										<td class='linked' test-id='113'>Verify Communication Log With Valid Data</td>
										<td><span class='test-status Fail'>Fail</span></td>
									</tr>
									<tr>
										<td>Nov 6, 2023 04:32:59 PM</td>
										<td class='linked' test-id='116'>Verify Fax send functionality</td>
										<td><span class='test-status Fail'>Fail</span></td>
									</tr>
									<tr>
										<td>Nov 6, 2023 04:33:21 PM</td>
										<td class='linked' test-id='120'>Verify Fax assigned functionality</td>
										<td><span class='test-status Fail'>Fail</span></td>
									</tr>
								</tbody>
							</table>
						</div>
					</div>
				</li>
			</ul>
		</div>
	</div>
	<div class='subview-right left'>
		<div class='view-summary'>
			<h5 class='category-name'></h5>
		</div>
	</div>
</div>
<!-- category view --><div id='exception-view' class='view hide'>
	<section id='controls'>
		<div class='controls grey lighten-4'>
			<!-- search -->
			<div class='chip transparent' alt='Search Tests' title='Search Tests'>
				<a href="#" class='search-div'>
				<i class='material-icons'>search</i> Search
				</a>
				<div class='input-field left hide'>
					<input id='search-tests' type='text' class='validate browser-default' placeholder='Search Tests...'>
				</div>
			</div>
			<!-- search -->
		</div>
	</section>
	<div class='subview-left left'>
		<div class='view-summary'>
			<ul id='exception-collection' class='exception-collection'>
				<li class='exception displayed active'>
					<div class='exception-heading'>
						<span class='exception-name'>org.openqa.selenium.NoSuchElementException</span>
						<span class='exception-count right'><span class='label red lighten-1 white-text'>3</span></span>
					</div>
					<div class='exception-content hide'>
						<div class='exception-tests'>
							<table class='bordered table-results'>
								<thead>
									<tr>
										<th>Timestamp</th>
										<th>TestName</th>
										<th>StackTrace</th>
									</tr>
								</thead>
								<tbody>
									<tr>
										<td>Nov 6, 2023 04:27:04 PM</td>
										<td class='linked' test-id='67'>When User Add the Consent Type</td>
										<td>
											<textarea disabled class="code-block">org.openqa.selenium.NoSuchElementException: no such element: Unable to locate element: {"method":"xpath","selector":"//*[@id="consentForList0_consentForActivityList0"]"}
  (Session info: chrome=119.0.6045.106)
For documentation on this error, please visit: http://seleniumhq.org/exceptions/no_such_element.html
Build info: version: '3.8.1', revision: '6e95a6684b', time: '2017-12-01T18:33:54.468Z'
System info: host: 'TDS-5CG1075Y8C', ip: '10.245.10.29', os.name: 'Windows 10', os.arch: 'amd64', os.version: '10.0', java.version: '11.0.1'
Driver info: org.openqa.selenium.chrome.ChromeDriver
Capabilities {acceptInsecureCerts: false, browserName: chrome, browserVersion: 119.0.6045.106, chrome: {chromedriverVersion: 119.0.6045.105 (38c72552c5e..., userDataDir: C:\Users\vthorat\AppData\Lo...}, fedcm:accounts: true, goog:chromeOptions: {debuggerAddress: localhost:65275}, javascriptEnabled: true, networkConnectionEnabled: false, pageLoadStrategy: normal, platform: WINDOWS, platformName: WINDOWS, proxy: Proxy(), setWindowRect: true, strictFileInteractability: false, timeouts: {implicit: 0, pageLoad: 300000, script: 30000}, unhandledPromptBehavior: dismiss and notify, webauthn:extension:credBlob: true, webauthn:extension:largeBlob: true, webauthn:extension:minPinLength: true, webauthn:extension:prf: true, webauthn:virtualAuthenticators: true}
Session ID: 7823e846e991b66dd4b7a6b67364f843
*** Element info: {Using=xpath, value=//*[@id="consentForList0_consentForActivityList0"]}
	at java.base/jdk.internal.reflect.NativeConstructorAccessorImpl.newInstance0(Native Method)
	at java.base/jdk.internal.reflect.NativeConstructorAccessorImpl.newInstance(NativeConstructorAccessorImpl.java:62)
	at java.base/jdk.internal.reflect.DelegatingConstructorAccessorImpl.newInstance(DelegatingConstructorAccessorImpl.java:45)
	at java.base/java.lang.reflect.Constructor.newInstance(Constructor.java:490)
	at org.openqa.selenium.remote.http.W3CHttpResponseCodec.createException(W3CHttpResponseCodec.java:187)
	at org.openqa.selenium.remote.http.W3CHttpResponseCodec.decode(W3CHttpResponseCodec.java:122)
	at org.openqa.selenium.remote.http.W3CHttpResponseCodec.decode(W3CHttpResponseCodec.java:49)
	at org.openqa.selenium.remote.HttpCommandExecutor.execute(HttpCommandExecutor.java:164)
	at org.openqa.selenium.remote.service.DriverCommandExecutor.execute(DriverCommandExecutor.java:83)
	at org.openqa.selenium.remote.RemoteWebDriver.execute(RemoteWebDriver.java:601)
	at org.openqa.selenium.remote.RemoteWebDriver.findElement(RemoteWebDriver.java:371)
	at org.openqa.selenium.remote.RemoteWebDriver.findElementByXPath(RemoteWebDriver.java:473)
	at org.openqa.selenium.By$ByXPath.findElement(By.java:361)
	at org.openqa.selenium.remote.RemoteWebDriver.findElement(RemoteWebDriver.java:363)
	at dataPackage.AddConsentData.addConsentTypeValue(AddConsentData.java:178)
	at methodPackage.AddConsentMethods.addConsentType(AddConsentMethods.java:218)
	at stepDefinitions.StepsForFeature.user_add_the_consent_type(StepsForFeature.java:433)
	at âœ½.User Add the Consent Type(file:///C:/Users/vthorat/Downloads/KETU_JUNIT_Nehal/KETUSanityCucumber/./Positive/FeaturePositiveFlow.feature:82)
</textarea>
										</td>
									</tr>
									<tr>
										<td>Nov 6, 2023 04:28:01 PM</td>
										<td class='linked' test-id='77'>When User save the PA activity with valid data</td>
										<td>
											<textarea disabled class="code-block">org.openqa.selenium.NoSuchElementException: no such element: Unable to locate element: {"method":"xpath","selector":"//*[@id="consentForList0_consentForActivityList0"]"}
  (Session info: chrome=119.0.6045.106)
For documentation on this error, please visit: http://seleniumhq.org/exceptions/no_such_element.html
Build info: version: '3.8.1', revision: '6e95a6684b', time: '2017-12-01T18:33:54.468Z'
System info: host: 'TDS-5CG1075Y8C', ip: '10.245.10.29', os.name: 'Windows 10', os.arch: 'amd64', os.version: '10.0', java.version: '11.0.1'
Driver info: org.openqa.selenium.chrome.ChromeDriver
Capabilities {acceptInsecureCerts: false, browserName: chrome, browserVersion: 119.0.6045.106, chrome: {chromedriverVersion: 119.0.6045.105 (38c72552c5e..., userDataDir: C:\Users\vthorat\AppData\Lo...}, fedcm:accounts: true, goog:chromeOptions: {debuggerAddress: localhost:65275}, javascriptEnabled: true, networkConnectionEnabled: false, pageLoadStrategy: normal, platform: WINDOWS, platformName: WINDOWS, proxy: Proxy(), setWindowRect: true, strictFileInteractability: false, timeouts: {implicit: 0, pageLoad: 300000, script: 30000}, unhandledPromptBehavior: dismiss and notify, webauthn:extension:credBlob: true, webauthn:extension:largeBlob: true, webauthn:extension:minPinLength: true, webauthn:extension:prf: true, webauthn:virtualAuthenticators: true}
Session ID: 7823e846e991b66dd4b7a6b67364f843
*** Element info: {Using=xpath, value=//*[@id="consentForList0_consentForActivityList0"]}
	at java.base/jdk.internal.reflect.NativeConstructorAccessorImpl.newInstance0(Native Method)
	at java.base/jdk.internal.reflect.NativeConstructorAccessorImpl.newInstance(NativeConstructorAccessorImpl.java:62)
	at java.base/jdk.internal.reflect.DelegatingConstructorAccessorImpl.newInstance(DelegatingConstructorAccessorImpl.java:45)
	at java.base/java.lang.reflect.Constructor.newInstance(Constructor.java:490)
	at org.openqa.selenium.remote.http.W3CHttpResponseCodec.createException(W3CHttpResponseCodec.java:187)
	at org.openqa.selenium.remote.http.W3CHttpResponseCodec.decode(W3CHttpResponseCodec.java:122)
	at org.openqa.selenium.remote.http.W3CHttpResponseCodec.decode(W3CHttpResponseCodec.java:49)
	at org.openqa.selenium.remote.HttpCommandExecutor.execute(HttpCommandExecutor.java:164)
	at org.openqa.selenium.remote.service.DriverCommandExecutor.execute(DriverCommandExecutor.java:83)
	at org.openqa.selenium.remote.RemoteWebDriver.execute(RemoteWebDriver.java:601)
	at org.openqa.selenium.remote.RemoteWebDriver.findElement(RemoteWebDriver.java:371)
	at org.openqa.selenium.remote.RemoteWebDriver.findElementByXPath(RemoteWebDriver.java:473)
	at org.openqa.selenium.By$ByXPath.findElement(By.java:361)
	at org.openqa.selenium.remote.RemoteWebDriver.findElement(RemoteWebDriver.java:363)
	at dataPackage.AddConsentData.addConsentTypeValue(AddConsentData.java:178)
	at methodPackage.AddConsentMethods.addConsentType(AddConsentMethods.java:218)
	at stepDefinitions.StepsForFeature.user_add_the_consent_type(StepsForFeature.java:433)
	at âœ½.User Add the Consent Type(file:///C:/Users/vthorat/Downloads/KETU_JUNIT_Nehal/KETUSanityCucumber/./Positive/FeaturePositiveFlow.feature:82)
</textarea>
										</td>
									</tr>
									<tr>
										<td>Nov 6, 2023 04:28:42 PM</td>
										<td class='linked' test-id='81'>When User save the appeal activity with valid data</td>
										<td>
											<textarea disabled class="code-block">org.openqa.selenium.NoSuchElementException: no such element: Unable to locate element: {"method":"xpath","selector":"//*[@id="consentForList0_consentForActivityList0"]"}
  (Session info: chrome=119.0.6045.106)
For documentation on this error, please visit: http://seleniumhq.org/exceptions/no_such_element.html
Build info: version: '3.8.1', revision: '6e95a6684b', time: '2017-12-01T18:33:54.468Z'
System info: host: 'TDS-5CG1075Y8C', ip: '10.245.10.29', os.name: 'Windows 10', os.arch: 'amd64', os.version: '10.0', java.version: '11.0.1'
Driver info: org.openqa.selenium.chrome.ChromeDriver
Capabilities {acceptInsecureCerts: false, browserName: chrome, browserVersion: 119.0.6045.106, chrome: {chromedriverVersion: 119.0.6045.105 (38c72552c5e..., userDataDir: C:\Users\vthorat\AppData\Lo...}, fedcm:accounts: true, goog:chromeOptions: {debuggerAddress: localhost:65275}, javascriptEnabled: true, networkConnectionEnabled: false, pageLoadStrategy: normal, platform: WINDOWS, platformName: WINDOWS, proxy: Proxy(), setWindowRect: true, strictFileInteractability: false, timeouts: {implicit: 0, pageLoad: 300000, script: 30000}, unhandledPromptBehavior: dismiss and notify, webauthn:extension:credBlob: true, webauthn:extension:largeBlob: true, webauthn:extension:minPinLength: true, webauthn:extension:prf: true, webauthn:virtualAuthenticators: true}
Session ID: 7823e846e991b66dd4b7a6b67364f843
*** Element info: {Using=xpath, value=//*[@id="consentForList0_consentForActivityList0"]}
	at java.base/jdk.internal.reflect.NativeConstructorAccessorImpl.newInstance0(Native Method)
	at java.base/jdk.internal.reflect.NativeConstructorAccessorImpl.newInstance(NativeConstructorAccessorImpl.java:62)
	at java.base/jdk.internal.reflect.DelegatingConstructorAccessorImpl.newInstance(DelegatingConstructorAccessorImpl.java:45)
	at java.base/java.lang.reflect.Constructor.newInstance(Constructor.java:490)
	at org.openqa.selenium.remote.http.W3CHttpResponseCodec.createException(W3CHttpResponseCodec.java:187)
	at org.openqa.selenium.remote.http.W3CHttpResponseCodec.decode(W3CHttpResponseCodec.java:122)
	at org.openqa.selenium.remote.http.W3CHttpResponseCodec.decode(W3CHttpResponseCodec.java:49)
	at org.openqa.selenium.remote.HttpCommandExecutor.execute(HttpCommandExecutor.java:164)
	at org.openqa.selenium.remote.service.DriverCommandExecutor.execute(DriverCommandExecutor.java:83)
	at org.openqa.selenium.remote.RemoteWebDriver.execute(RemoteWebDriver.java:601)
	at org.openqa.selenium.remote.RemoteWebDriver.findElement(RemoteWebDriver.java:371)
	at org.openqa.selenium.remote.RemoteWebDriver.findElementByXPath(RemoteWebDriver.java:473)
	at org.openqa.selenium.By$ByXPath.findElement(By.java:361)
	at org.openqa.selenium.remote.RemoteWebDriver.findElement(RemoteWebDriver.java:363)
	at dataPackage.AddConsentData.addConsentTypeValue(AddConsentData.java:178)
	at methodPackage.AddConsentMethods.addConsentType(AddConsentMethods.java:218)
	at stepDefinitions.StepsForFeature.user_add_the_consent_type(StepsForFeature.java:433)
	at âœ½.User Add the Consent Type(file:///C:/Users/vthorat/Downloads/KETU_JUNIT_Nehal/KETUSanityCucumber/./Positive/FeaturePositiveFlow.feature:82)
</textarea>
										</td>
									</tr>
								</tbody>
							</table>
						</div>
					</div>
				</li>
				<li class='exception displayed active'>
					<div class='exception-heading'>
						<span class='exception-name'>org.openqa.selenium.NoSuchWindowException</span>
						<span class='exception-count right'><span class='label red lighten-1 white-text'>12</span></span>
					</div>
					<div class='exception-content hide'>
						<div class='exception-tests'>
							<table class='bordered table-results'>
								<thead>
									<tr>
										<th>Timestamp</th>
										<th>TestName</th>
										<th>StackTrace</th>
									</tr>
								</thead>
								<tbody>
									<tr>
										<td>Nov 6, 2023 04:32:53 PM</td>
										<td class='linked' test-id='95'>When User save the postbi activity with valid data</td>
										<td>
											<textarea disabled class="code-block">org.openqa.selenium.NoSuchWindowException: no such window: target window already closed
from unknown error: web view not found
  (Session info: chrome=119.0.6045.106)
Build info: version: '3.8.1', revision: '6e95a6684b', time: '2017-12-01T18:33:54.468Z'
System info: host: 'TDS-5CG1075Y8C', ip: '10.245.10.29', os.name: 'Windows 10', os.arch: 'amd64', os.version: '10.0', java.version: '11.0.1'
Driver info: org.openqa.selenium.chrome.ChromeDriver
Capabilities {acceptInsecureCerts: false, browserName: chrome, browserVersion: 119.0.6045.106, chrome: {chromedriverVersion: 119.0.6045.105 (38c72552c5e..., userDataDir: C:\Users\vthorat\AppData\Lo...}, fedcm:accounts: true, goog:chromeOptions: {debuggerAddress: localhost:65275}, javascriptEnabled: true, networkConnectionEnabled: false, pageLoadStrategy: normal, platform: WINDOWS, platformName: WINDOWS, proxy: Proxy(), setWindowRect: true, strictFileInteractability: false, timeouts: {implicit: 0, pageLoad: 300000, script: 30000}, unhandledPromptBehavior: dismiss and notify, webauthn:extension:credBlob: true, webauthn:extension:largeBlob: true, webauthn:extension:minPinLength: true, webauthn:extension:prf: true, webauthn:virtualAuthenticators: true}
Session ID: 7823e846e991b66dd4b7a6b67364f843
	at java.base/jdk.internal.reflect.NativeConstructorAccessorImpl.newInstance0(Native Method)
	at java.base/jdk.internal.reflect.NativeConstructorAccessorImpl.newInstance(NativeConstructorAccessorImpl.java:62)
	at java.base/jdk.internal.reflect.DelegatingConstructorAccessorImpl.newInstance(DelegatingConstructorAccessorImpl.java:45)
	at java.base/java.lang.reflect.Constructor.newInstance(Constructor.java:490)
	at org.openqa.selenium.remote.http.W3CHttpResponseCodec.createException(W3CHttpResponseCodec.java:187)
	at org.openqa.selenium.remote.http.W3CHttpResponseCodec.decode(W3CHttpResponseCodec.java:122)
	at org.openqa.selenium.remote.http.W3CHttpResponseCodec.decode(W3CHttpResponseCodec.java:49)
	at org.openqa.selenium.remote.HttpCommandExecutor.execute(HttpCommandExecutor.java:164)
	at org.openqa.selenium.remote.service.DriverCommandExecutor.execute(DriverCommandExecutor.java:83)
	at org.openqa.selenium.remote.RemoteWebDriver.execute(RemoteWebDriver.java:601)
	at org.openqa.selenium.remote.RemoteWebDriver.execute(RemoteWebDriver.java:658)
	at org.openqa.selenium.remote.RemoteWebDriver.getScreenshotAs(RemoteWebDriver.java:343)
	at testPackage.Base.CaptureScreen(Base.java:222)
	at methodPackage.PostBIMethod.VerifyPostBIWithValidData(PostBIMethod.java:189)
	at stepDefinitions.StepsForFeature.user_save_the_postbi_activity_with_valid_data(StepsForFeature.java:1508)
	at âœ½.User save the postbi activity with valid data(file:///C:/Users/vthorat/Downloads/KETU_JUNIT_Nehal/KETUSanityCucumber/./Positive/FeaturePositiveFlow.feature:115)
</textarea>
										</td>
									</tr>
									<tr>
										<td>Nov 6, 2023 04:32:53 PM</td>
										<td class='linked' test-id='98'>When User save the point of sale activity with valid data</td>
										<td>
											<textarea disabled class="code-block">org.openqa.selenium.NoSuchWindowException: no such window: target window already closed
from unknown error: web view not found
  (Session info: chrome=119.0.6045.106)
Build info: version: '3.8.1', revision: '6e95a6684b', time: '2017-12-01T18:33:54.468Z'
System info: host: 'TDS-5CG1075Y8C', ip: '10.245.10.29', os.name: 'Windows 10', os.arch: 'amd64', os.version: '10.0', java.version: '11.0.1'
Driver info: org.openqa.selenium.chrome.ChromeDriver
Capabilities {acceptInsecureCerts: false, browserName: chrome, browserVersion: 119.0.6045.106, chrome: {chromedriverVersion: 119.0.6045.105 (38c72552c5e..., userDataDir: C:\Users\vthorat\AppData\Lo...}, fedcm:accounts: true, goog:chromeOptions: {debuggerAddress: localhost:65275}, javascriptEnabled: true, networkConnectionEnabled: false, pageLoadStrategy: normal, platform: WINDOWS, platformName: WINDOWS, proxy: Proxy(), setWindowRect: true, strictFileInteractability: false, timeouts: {implicit: 0, pageLoad: 300000, script: 30000}, unhandledPromptBehavior: dismiss and notify, webauthn:extension:credBlob: true, webauthn:extension:largeBlob: true, webauthn:extension:minPinLength: true, webauthn:extension:prf: true, webauthn:virtualAuthenticators: true}
Session ID: 7823e846e991b66dd4b7a6b67364f843
	at java.base/jdk.internal.reflect.NativeConstructorAccessorImpl.newInstance0(Native Method)
	at java.base/jdk.internal.reflect.NativeConstructorAccessorImpl.newInstance(NativeConstructorAccessorImpl.java:62)
	at java.base/jdk.internal.reflect.DelegatingConstructorAccessorImpl.newInstance(DelegatingConstructorAccessorImpl.java:45)
	at java.base/java.lang.reflect.Constructor.newInstance(Constructor.java:490)
	at org.openqa.selenium.remote.http.W3CHttpResponseCodec.createException(W3CHttpResponseCodec.java:187)
	at org.openqa.selenium.remote.http.W3CHttpResponseCodec.decode(W3CHttpResponseCodec.java:122)
	at org.openqa.selenium.remote.http.W3CHttpResponseCodec.decode(W3CHttpResponseCodec.java:49)
	at org.openqa.selenium.remote.HttpCommandExecutor.execute(HttpCommandExecutor.java:164)
	at org.openqa.selenium.remote.service.DriverCommandExecutor.execute(DriverCommandExecutor.java:83)
	at org.openqa.selenium.remote.RemoteWebDriver.execute(RemoteWebDriver.java:601)
	at org.openqa.selenium.remote.RemoteWebDriver.execute(RemoteWebDriver.java:658)
	at org.openqa.selenium.remote.RemoteWebDriver.getScreenshotAs(RemoteWebDriver.java:343)
	at testPackage.Base.CaptureScreen(Base.java:222)
	at methodPackage.PostBIMethod.VerifyPostBIWithValidData(PostBIMethod.java:189)
	at stepDefinitions.StepsForFeature.user_save_the_postbi_activity_with_valid_data(StepsForFeature.java:1508)
	at âœ½.User save the postbi activity with valid data(file:///C:/Users/vthorat/Downloads/KETU_JUNIT_Nehal/KETUSanityCucumber/./Positive/FeaturePositiveFlow.feature:115)
</textarea>
										</td>
									</tr>
									<tr>
										<td>Nov 6, 2023 04:32:53 PM</td>
										<td class='linked' test-id='100'>When User Complete Intake WorkFlow</td>
										<td>
											<textarea disabled class="code-block">org.openqa.selenium.NoSuchWindowException: no such window: target window already closed
from unknown error: web view not found
  (Session info: chrome=119.0.6045.106)
Build info: version: '3.8.1', revision: '6e95a6684b', time: '2017-12-01T18:33:54.468Z'
System info: host: 'TDS-5CG1075Y8C', ip: '10.245.10.29', os.name: 'Windows 10', os.arch: 'amd64', os.version: '10.0', java.version: '11.0.1'
Driver info: org.openqa.selenium.chrome.ChromeDriver
Capabilities {acceptInsecureCerts: false, browserName: chrome, browserVersion: 119.0.6045.106, chrome: {chromedriverVersion: 119.0.6045.105 (38c72552c5e..., userDataDir: C:\Users\vthorat\AppData\Lo...}, fedcm:accounts: true, goog:chromeOptions: {debuggerAddress: localhost:65275}, javascriptEnabled: true, networkConnectionEnabled: false, pageLoadStrategy: normal, platform: WINDOWS, platformName: WINDOWS, proxy: Proxy(), setWindowRect: true, strictFileInteractability: false, timeouts: {implicit: 0, pageLoad: 300000, script: 30000}, unhandledPromptBehavior: dismiss and notify, webauthn:extension:credBlob: true, webauthn:extension:largeBlob: true, webauthn:extension:minPinLength: true, webauthn:extension:prf: true, webauthn:virtualAuthenticators: true}
Session ID: 7823e846e991b66dd4b7a6b67364f843
	at java.base/jdk.internal.reflect.NativeConstructorAccessorImpl.newInstance0(Native Method)
	at java.base/jdk.internal.reflect.NativeConstructorAccessorImpl.newInstance(NativeConstructorAccessorImpl.java:62)
	at java.base/jdk.internal.reflect.DelegatingConstructorAccessorImpl.newInstance(DelegatingConstructorAccessorImpl.java:45)
	at java.base/java.lang.reflect.Constructor.newInstance(Constructor.java:490)
	at org.openqa.selenium.remote.http.W3CHttpResponseCodec.createException(W3CHttpResponseCodec.java:187)
	at org.openqa.selenium.remote.http.W3CHttpResponseCodec.decode(W3CHttpResponseCodec.java:122)
	at org.openqa.selenium.remote.http.W3CHttpResponseCodec.decode(W3CHttpResponseCodec.java:49)
	at org.openqa.selenium.remote.HttpCommandExecutor.execute(HttpCommandExecutor.java:164)
	at org.openqa.selenium.remote.service.DriverCommandExecutor.execute(DriverCommandExecutor.java:83)
	at org.openqa.selenium.remote.RemoteWebDriver.execute(RemoteWebDriver.java:601)
	at org.openqa.selenium.remote.RemoteWebDriver.execute(RemoteWebDriver.java:658)
	at org.openqa.selenium.remote.RemoteWebDriver.getScreenshotAs(RemoteWebDriver.java:343)
	at testPackage.Base.CaptureScreen(Base.java:222)
	at methodPackage.PostBIMethod.VerifyPostBIWithValidData(PostBIMethod.java:189)
	at stepDefinitions.StepsForFeature.user_save_the_postbi_activity_with_valid_data(StepsForFeature.java:1508)
	at âœ½.User save the postbi activity with valid data(file:///C:/Users/vthorat/Downloads/KETU_JUNIT_Nehal/KETUSanityCucumber/./Positive/FeaturePositiveFlow.feature:115)
</textarea>
										</td>
									</tr>
									<tr>
										<td>Nov 6, 2023 04:32:53 PM</td>
										<td class='linked' test-id='102'>When User Complete BI WorkFlow</td>
										<td>
											<textarea disabled class="code-block">org.openqa.selenium.NoSuchWindowException: no such window: target window already closed
from unknown error: web view not found
  (Session info: chrome=119.0.6045.106)
Build info: version: '3.8.1', revision: '6e95a6684b', time: '2017-12-01T18:33:54.468Z'
System info: host: 'TDS-5CG1075Y8C', ip: '10.245.10.29', os.name: 'Windows 10', os.arch: 'amd64', os.version: '10.0', java.version: '11.0.1'
Driver info: org.openqa.selenium.chrome.ChromeDriver
Capabilities {acceptInsecureCerts: false, browserName: chrome, browserVersion: 119.0.6045.106, chrome: {chromedriverVersion: 119.0.6045.105 (38c72552c5e..., userDataDir: C:\Users\vthorat\AppData\Lo...}, fedcm:accounts: true, goog:chromeOptions: {debuggerAddress: localhost:65275}, javascriptEnabled: true, networkConnectionEnabled: false, pageLoadStrategy: normal, platform: WINDOWS, platformName: WINDOWS, proxy: Proxy(), setWindowRect: true, strictFileInteractability: false, timeouts: {implicit: 0, pageLoad: 300000, script: 30000}, unhandledPromptBehavior: dismiss and notify, webauthn:extension:credBlob: true, webauthn:extension:largeBlob: true, webauthn:extension:minPinLength: true, webauthn:extension:prf: true, webauthn:virtualAuthenticators: true}
Session ID: 7823e846e991b66dd4b7a6b67364f843
	at java.base/jdk.internal.reflect.NativeConstructorAccessorImpl.newInstance0(Native Method)
	at java.base/jdk.internal.reflect.NativeConstructorAccessorImpl.newInstance(NativeConstructorAccessorImpl.java:62)
	at java.base/jdk.internal.reflect.DelegatingConstructorAccessorImpl.newInstance(DelegatingConstructorAccessorImpl.java:45)
	at java.base/java.lang.reflect.Constructor.newInstance(Constructor.java:490)
	at org.openqa.selenium.remote.http.W3CHttpResponseCodec.createException(W3CHttpResponseCodec.java:187)
	at org.openqa.selenium.remote.http.W3CHttpResponseCodec.decode(W3CHttpResponseCodec.java:122)
	at org.openqa.selenium.remote.http.W3CHttpResponseCodec.decode(W3CHttpResponseCodec.java:49)
	at org.openqa.selenium.remote.HttpCommandExecutor.execute(HttpCommandExecutor.java:164)
	at org.openqa.selenium.remote.service.DriverCommandExecutor.execute(DriverCommandExecutor.java:83)
	at org.openqa.selenium.remote.RemoteWebDriver.execute(RemoteWebDriver.java:601)
	at org.openqa.selenium.remote.RemoteWebDriver.execute(RemoteWebDriver.java:658)
	at org.openqa.selenium.remote.RemoteWebDriver.getScreenshotAs(RemoteWebDriver.java:343)
	at testPackage.Base.CaptureScreen(Base.java:222)
	at methodPackage.PostBIMethod.VerifyPostBIWithValidData(PostBIMethod.java:189)
	at stepDefinitions.StepsForFeature.user_save_the_postbi_activity_with_valid_data(StepsForFeature.java:1508)
	at âœ½.User save the postbi activity with valid data(file:///C:/Users/vthorat/Downloads/KETU_JUNIT_Nehal/KETUSanityCucumber/./Positive/FeaturePositiveFlow.feature:115)
</textarea>
										</td>
									</tr>
									<tr>
										<td>Nov 6, 2023 04:32:53 PM</td>
										<td class='linked' test-id='104'>When User Complete COC WorkFlow</td>
										<td>
											<textarea disabled class="code-block">org.openqa.selenium.NoSuchWindowException: no such window: target window already closed
from unknown error: web view not found
  (Session info: chrome=119.0.6045.106)
Build info: version: '3.8.1', revision: '6e95a6684b', time: '2017-12-01T18:33:54.468Z'
System info: host: 'TDS-5CG1075Y8C', ip: '10.245.10.29', os.name: 'Windows 10', os.arch: 'amd64', os.version: '10.0', java.version: '11.0.1'
Driver info: org.openqa.selenium.chrome.ChromeDriver
Capabilities {acceptInsecureCerts: false, browserName: chrome, browserVersion: 119.0.6045.106, chrome: {chromedriverVersion: 119.0.6045.105 (38c72552c5e..., userDataDir: C:\Users\vthorat\AppData\Lo...}, fedcm:accounts: true, goog:chromeOptions: {debuggerAddress: localhost:65275}, javascriptEnabled: true, networkConnectionEnabled: false, pageLoadStrategy: normal, platform: WINDOWS, platformName: WINDOWS, proxy: Proxy(), setWindowRect: true, strictFileInteractability: false, timeouts: {implicit: 0, pageLoad: 300000, script: 30000}, unhandledPromptBehavior: dismiss and notify, webauthn:extension:credBlob: true, webauthn:extension:largeBlob: true, webauthn:extension:minPinLength: true, webauthn:extension:prf: true, webauthn:virtualAuthenticators: true}
Session ID: 7823e846e991b66dd4b7a6b67364f843
	at java.base/jdk.internal.reflect.NativeConstructorAccessorImpl.newInstance0(Native Method)
	at java.base/jdk.internal.reflect.NativeConstructorAccessorImpl.newInstance(NativeConstructorAccessorImpl.java:62)
	at java.base/jdk.internal.reflect.DelegatingConstructorAccessorImpl.newInstance(DelegatingConstructorAccessorImpl.java:45)
	at java.base/java.lang.reflect.Constructor.newInstance(Constructor.java:490)
	at org.openqa.selenium.remote.http.W3CHttpResponseCodec.createException(W3CHttpResponseCodec.java:187)
	at org.openqa.selenium.remote.http.W3CHttpResponseCodec.decode(W3CHttpResponseCodec.java:122)
	at org.openqa.selenium.remote.http.W3CHttpResponseCodec.decode(W3CHttpResponseCodec.java:49)
	at org.openqa.selenium.remote.HttpCommandExecutor.execute(HttpCommandExecutor.java:164)
	at org.openqa.selenium.remote.service.DriverCommandExecutor.execute(DriverCommandExecutor.java:83)
	at org.openqa.selenium.remote.RemoteWebDriver.execute(RemoteWebDriver.java:601)
	at org.openqa.selenium.remote.RemoteWebDriver.execute(RemoteWebDriver.java:658)
	at org.openqa.selenium.remote.RemoteWebDriver.getScreenshotAs(RemoteWebDriver.java:343)
	at testPackage.Base.CaptureScreen(Base.java:222)
	at methodPackage.PostBIMethod.VerifyPostBIWithValidData(PostBIMethod.java:189)
	at stepDefinitions.StepsForFeature.user_save_the_postbi_activity_with_valid_data(StepsForFeature.java:1508)
	at âœ½.User save the postbi activity with valid data(file:///C:/Users/vthorat/Downloads/KETU_JUNIT_Nehal/KETUSanityCucumber/./Positive/FeaturePositiveFlow.feature:115)
</textarea>
										</td>
									</tr>
									<tr>
										<td>Nov 6, 2023 04:32:53 PM</td>
										<td class='linked' test-id='106'>When User Complete CoD WorkFlow</td>
										<td>
											<textarea disabled class="code-block">org.openqa.selenium.NoSuchWindowException: no such window: target window already closed
from unknown error: web view not found
  (Session info: chrome=119.0.6045.106)
Build info: version: '3.8.1', revision: '6e95a6684b', time: '2017-12-01T18:33:54.468Z'
System info: host: 'TDS-5CG1075Y8C', ip: '10.245.10.29', os.name: 'Windows 10', os.arch: 'amd64', os.version: '10.0', java.version: '11.0.1'
Driver info: org.openqa.selenium.chrome.ChromeDriver
Capabilities {acceptInsecureCerts: false, browserName: chrome, browserVersion: 119.0.6045.106, chrome: {chromedriverVersion: 119.0.6045.105 (38c72552c5e..., userDataDir: C:\Users\vthorat\AppData\Lo...}, fedcm:accounts: true, goog:chromeOptions: {debuggerAddress: localhost:65275}, javascriptEnabled: true, networkConnectionEnabled: false, pageLoadStrategy: normal, platform: WINDOWS, platformName: WINDOWS, proxy: Proxy(), setWindowRect: true, strictFileInteractability: false, timeouts: {implicit: 0, pageLoad: 300000, script: 30000}, unhandledPromptBehavior: dismiss and notify, webauthn:extension:credBlob: true, webauthn:extension:largeBlob: true, webauthn:extension:minPinLength: true, webauthn:extension:prf: true, webauthn:virtualAuthenticators: true}
Session ID: 7823e846e991b66dd4b7a6b67364f843
	at java.base/jdk.internal.reflect.NativeConstructorAccessorImpl.newInstance0(Native Method)
	at java.base/jdk.internal.reflect.NativeConstructorAccessorImpl.newInstance(NativeConstructorAccessorImpl.java:62)
	at java.base/jdk.internal.reflect.DelegatingConstructorAccessorImpl.newInstance(DelegatingConstructorAccessorImpl.java:45)
	at java.base/java.lang.reflect.Constructor.newInstance(Constructor.java:490)
	at org.openqa.selenium.remote.http.W3CHttpResponseCodec.createException(W3CHttpResponseCodec.java:187)
	at org.openqa.selenium.remote.http.W3CHttpResponseCodec.decode(W3CHttpResponseCodec.java:122)
	at org.openqa.selenium.remote.http.W3CHttpResponseCodec.decode(W3CHttpResponseCodec.java:49)
	at org.openqa.selenium.remote.HttpCommandExecutor.execute(HttpCommandExecutor.java:164)
	at org.openqa.selenium.remote.service.DriverCommandExecutor.execute(DriverCommandExecutor.java:83)
	at org.openqa.selenium.remote.RemoteWebDriver.execute(RemoteWebDriver.java:601)
	at org.openqa.selenium.remote.RemoteWebDriver.execute(RemoteWebDriver.java:658)
	at org.openqa.selenium.remote.RemoteWebDriver.getScreenshotAs(RemoteWebDriver.java:343)
	at testPackage.Base.CaptureScreen(Base.java:222)
	at methodPackage.PostBIMethod.VerifyPostBIWithValidData(PostBIMethod.java:189)
	at stepDefinitions.StepsForFeature.user_save_the_postbi_activity_with_valid_data(StepsForFeature.java:1508)
	at âœ½.User save the postbi activity with valid data(file:///C:/Users/vthorat/Downloads/KETU_JUNIT_Nehal/KETUSanityCucumber/./Positive/FeaturePositiveFlow.feature:115)
</textarea>
										</td>
									</tr>
									<tr>
										<td>Nov 6, 2023 04:32:53 PM</td>
										<td class='linked' test-id='108'>When User Complete POS WorkFlow</td>
										<td>
											<textarea disabled class="code-block">org.openqa.selenium.NoSuchWindowException: no such window: target window already closed
from unknown error: web view not found
  (Session info: chrome=119.0.6045.106)
Build info: version: '3.8.1', revision: '6e95a6684b', time: '2017-12-01T18:33:54.468Z'
System info: host: 'TDS-5CG1075Y8C', ip: '10.245.10.29', os.name: 'Windows 10', os.arch: 'amd64', os.version: '10.0', java.version: '11.0.1'
Driver info: org.openqa.selenium.chrome.ChromeDriver
Capabilities {acceptInsecureCerts: false, browserName: chrome, browserVersion: 119.0.6045.106, chrome: {chromedriverVersion: 119.0.6045.105 (38c72552c5e..., userDataDir: C:\Users\vthorat\AppData\Lo...}, fedcm:accounts: true, goog:chromeOptions: {debuggerAddress: localhost:65275}, javascriptEnabled: true, networkConnectionEnabled: false, pageLoadStrategy: normal, platform: WINDOWS, platformName: WINDOWS, proxy: Proxy(), setWindowRect: true, strictFileInteractability: false, timeouts: {implicit: 0, pageLoad: 300000, script: 30000}, unhandledPromptBehavior: dismiss and notify, webauthn:extension:credBlob: true, webauthn:extension:largeBlob: true, webauthn:extension:minPinLength: true, webauthn:extension:prf: true, webauthn:virtualAuthenticators: true}
Session ID: 7823e846e991b66dd4b7a6b67364f843
	at java.base/jdk.internal.reflect.NativeConstructorAccessorImpl.newInstance0(Native Method)
	at java.base/jdk.internal.reflect.NativeConstructorAccessorImpl.newInstance(NativeConstructorAccessorImpl.java:62)
	at java.base/jdk.internal.reflect.DelegatingConstructorAccessorImpl.newInstance(DelegatingConstructorAccessorImpl.java:45)
	at java.base/java.lang.reflect.Constructor.newInstance(Constructor.java:490)
	at org.openqa.selenium.remote.http.W3CHttpResponseCodec.createException(W3CHttpResponseCodec.java:187)
	at org.openqa.selenium.remote.http.W3CHttpResponseCodec.decode(W3CHttpResponseCodec.java:122)
	at org.openqa.selenium.remote.http.W3CHttpResponseCodec.decode(W3CHttpResponseCodec.java:49)
	at org.openqa.selenium.remote.HttpCommandExecutor.execute(HttpCommandExecutor.java:164)
	at org.openqa.selenium.remote.service.DriverCommandExecutor.execute(DriverCommandExecutor.java:83)
	at org.openqa.selenium.remote.RemoteWebDriver.execute(RemoteWebDriver.java:601)
	at org.openqa.selenium.remote.RemoteWebDriver.execute(RemoteWebDriver.java:658)
	at org.openqa.selenium.remote.RemoteWebDriver.getScreenshotAs(RemoteWebDriver.java:343)
	at testPackage.Base.CaptureScreen(Base.java:222)
	at methodPackage.PostBIMethod.VerifyPostBIWithValidData(PostBIMethod.java:189)
	at stepDefinitions.StepsForFeature.user_save_the_postbi_activity_with_valid_data(StepsForFeature.java:1508)
	at âœ½.User save the postbi activity with valid data(file:///C:/Users/vthorat/Downloads/KETU_JUNIT_Nehal/KETUSanityCucumber/./Positive/FeaturePositiveFlow.feature:115)
</textarea>
										</td>
									</tr>
									<tr>
										<td>Nov 6, 2023 04:32:54 PM</td>
										<td class='linked' test-id='110'>When User Complete PE WorkFlow</td>
										<td>
											<textarea disabled class="code-block">org.openqa.selenium.NoSuchWindowException: no such window: target window already closed
from unknown error: web view not found
  (Session info: chrome=119.0.6045.106)
Build info: version: '3.8.1', revision: '6e95a6684b', time: '2017-12-01T18:33:54.468Z'
System info: host: 'TDS-5CG1075Y8C', ip: '10.245.10.29', os.name: 'Windows 10', os.arch: 'amd64', os.version: '10.0', java.version: '11.0.1'
Driver info: org.openqa.selenium.chrome.ChromeDriver
Capabilities {acceptInsecureCerts: false, browserName: chrome, browserVersion: 119.0.6045.106, chrome: {chromedriverVersion: 119.0.6045.105 (38c72552c5e..., userDataDir: C:\Users\vthorat\AppData\Lo...}, fedcm:accounts: true, goog:chromeOptions: {debuggerAddress: localhost:65275}, javascriptEnabled: true, networkConnectionEnabled: false, pageLoadStrategy: normal, platform: WINDOWS, platformName: WINDOWS, proxy: Proxy(), setWindowRect: true, strictFileInteractability: false, timeouts: {implicit: 0, pageLoad: 300000, script: 30000}, unhandledPromptBehavior: dismiss and notify, webauthn:extension:credBlob: true, webauthn:extension:largeBlob: true, webauthn:extension:minPinLength: true, webauthn:extension:prf: true, webauthn:virtualAuthenticators: true}
Session ID: 7823e846e991b66dd4b7a6b67364f843
	at java.base/jdk.internal.reflect.NativeConstructorAccessorImpl.newInstance0(Native Method)
	at java.base/jdk.internal.reflect.NativeConstructorAccessorImpl.newInstance(NativeConstructorAccessorImpl.java:62)
	at java.base/jdk.internal.reflect.DelegatingConstructorAccessorImpl.newInstance(DelegatingConstructorAccessorImpl.java:45)
	at java.base/java.lang.reflect.Constructor.newInstance(Constructor.java:490)
	at org.openqa.selenium.remote.http.W3CHttpResponseCodec.createException(W3CHttpResponseCodec.java:187)
	at org.openqa.selenium.remote.http.W3CHttpResponseCodec.decode(W3CHttpResponseCodec.java:122)
	at org.openqa.selenium.remote.http.W3CHttpResponseCodec.decode(W3CHttpResponseCodec.java:49)
	at org.openqa.selenium.remote.HttpCommandExecutor.execute(HttpCommandExecutor.java:164)
	at org.openqa.selenium.remote.service.DriverCommandExecutor.execute(DriverCommandExecutor.java:83)
	at org.openqa.selenium.remote.RemoteWebDriver.execute(RemoteWebDriver.java:601)
	at org.openqa.selenium.remote.RemoteWebDriver.execute(RemoteWebDriver.java:658)
	at org.openqa.selenium.remote.RemoteWebDriver.getScreenshotAs(RemoteWebDriver.java:343)
	at testPackage.Base.CaptureScreen(Base.java:222)
	at methodPackage.PostBIMethod.VerifyPostBIWithValidData(PostBIMethod.java:189)
	at stepDefinitions.StepsForFeature.user_save_the_postbi_activity_with_valid_data(StepsForFeature.java:1508)
	at âœ½.User save the postbi activity with valid data(file:///C:/Users/vthorat/Downloads/KETU_JUNIT_Nehal/KETUSanityCucumber/./Positive/FeaturePositiveFlow.feature:115)
</textarea>
										</td>
									</tr>
									<tr>
										<td>Nov 6, 2023 04:32:54 PM</td>
										<td class='linked' test-id='112'>When User create refill case</td>
										<td>
											<textarea disabled class="code-block">org.openqa.selenium.NoSuchWindowException: no such window: target window already closed
from unknown error: web view not found
  (Session info: chrome=119.0.6045.106)
Build info: version: '3.8.1', revision: '6e95a6684b', time: '2017-12-01T18:33:54.468Z'
System info: host: 'TDS-5CG1075Y8C', ip: '10.245.10.29', os.name: 'Windows 10', os.arch: 'amd64', os.version: '10.0', java.version: '11.0.1'
Driver info: org.openqa.selenium.chrome.ChromeDriver
Capabilities {acceptInsecureCerts: false, browserName: chrome, browserVersion: 119.0.6045.106, chrome: {chromedriverVersion: 119.0.6045.105 (38c72552c5e..., userDataDir: C:\Users\vthorat\AppData\Lo...}, fedcm:accounts: true, goog:chromeOptions: {debuggerAddress: localhost:65275}, javascriptEnabled: true, networkConnectionEnabled: false, pageLoadStrategy: normal, platform: WINDOWS, platformName: WINDOWS, proxy: Proxy(), setWindowRect: true, strictFileInteractability: false, timeouts: {implicit: 0, pageLoad: 300000, script: 30000}, unhandledPromptBehavior: dismiss and notify, webauthn:extension:credBlob: true, webauthn:extension:largeBlob: true, webauthn:extension:minPinLength: true, webauthn:extension:prf: true, webauthn:virtualAuthenticators: true}
Session ID: 7823e846e991b66dd4b7a6b67364f843
	at java.base/jdk.internal.reflect.NativeConstructorAccessorImpl.newInstance0(Native Method)
	at java.base/jdk.internal.reflect.NativeConstructorAccessorImpl.newInstance(NativeConstructorAccessorImpl.java:62)
	at java.base/jdk.internal.reflect.DelegatingConstructorAccessorImpl.newInstance(DelegatingConstructorAccessorImpl.java:45)
	at java.base/java.lang.reflect.Constructor.newInstance(Constructor.java:490)
	at org.openqa.selenium.remote.http.W3CHttpResponseCodec.createException(W3CHttpResponseCodec.java:187)
	at org.openqa.selenium.remote.http.W3CHttpResponseCodec.decode(W3CHttpResponseCodec.java:122)
	at org.openqa.selenium.remote.http.W3CHttpResponseCodec.decode(W3CHttpResponseCodec.java:49)
	at org.openqa.selenium.remote.HttpCommandExecutor.execute(HttpCommandExecutor.java:164)
	at org.openqa.selenium.remote.service.DriverCommandExecutor.execute(DriverCommandExecutor.java:83)
	at org.openqa.selenium.remote.RemoteWebDriver.execute(RemoteWebDriver.java:601)
	at org.openqa.selenium.remote.RemoteWebDriver.execute(RemoteWebDriver.java:658)
	at org.openqa.selenium.remote.RemoteWebDriver.getScreenshotAs(RemoteWebDriver.java:343)
	at testPackage.Base.CaptureScreen(Base.java:222)
	at methodPackage.PostBIMethod.VerifyPostBIWithValidData(PostBIMethod.java:189)
	at stepDefinitions.StepsForFeature.user_save_the_postbi_activity_with_valid_data(StepsForFeature.java:1508)
	at âœ½.User save the postbi activity with valid data(file:///C:/Users/vthorat/Downloads/KETU_JUNIT_Nehal/KETUSanityCucumber/./Positive/FeaturePositiveFlow.feature:115)
</textarea>
										</td>
									</tr>
									<tr>
										<td>Nov 6, 2023 04:32:54 PM</td>
										<td class='linked' test-id='114'>When User try to save Communication Log with Valid date</td>
										<td>
											<textarea disabled class="code-block">org.openqa.selenium.NoSuchWindowException: no such window: target window already closed
from unknown error: web view not found
  (Session info: chrome=119.0.6045.106)
Build info: version: '3.8.1', revision: '6e95a6684b', time: '2017-12-01T18:33:54.468Z'
System info: host: 'TDS-5CG1075Y8C', ip: '10.245.10.29', os.name: 'Windows 10', os.arch: 'amd64', os.version: '10.0', java.version: '11.0.1'
Driver info: org.openqa.selenium.chrome.ChromeDriver
Capabilities {acceptInsecureCerts: false, browserName: chrome, browserVersion: 119.0.6045.106, chrome: {chromedriverVersion: 119.0.6045.105 (38c72552c5e..., userDataDir: C:\Users\vthorat\AppData\Lo...}, fedcm:accounts: true, goog:chromeOptions: {debuggerAddress: localhost:65275}, javascriptEnabled: true, networkConnectionEnabled: false, pageLoadStrategy: normal, platform: WINDOWS, platformName: WINDOWS, proxy: Proxy(), setWindowRect: true, strictFileInteractability: false, timeouts: {implicit: 0, pageLoad: 300000, script: 30000}, unhandledPromptBehavior: dismiss and notify, webauthn:extension:credBlob: true, webauthn:extension:largeBlob: true, webauthn:extension:minPinLength: true, webauthn:extension:prf: true, webauthn:virtualAuthenticators: true}
Session ID: 7823e846e991b66dd4b7a6b67364f843
	at java.base/jdk.internal.reflect.NativeConstructorAccessorImpl.newInstance0(Native Method)
	at java.base/jdk.internal.reflect.NativeConstructorAccessorImpl.newInstance(NativeConstructorAccessorImpl.java:62)
	at java.base/jdk.internal.reflect.DelegatingConstructorAccessorImpl.newInstance(DelegatingConstructorAccessorImpl.java:45)
	at java.base/java.lang.reflect.Constructor.newInstance(Constructor.java:490)
	at org.openqa.selenium.remote.http.W3CHttpResponseCodec.createException(W3CHttpResponseCodec.java:187)
	at org.openqa.selenium.remote.http.W3CHttpResponseCodec.decode(W3CHttpResponseCodec.java:122)
	at org.openqa.selenium.remote.http.W3CHttpResponseCodec.decode(W3CHttpResponseCodec.java:49)
	at org.openqa.selenium.remote.HttpCommandExecutor.execute(HttpCommandExecutor.java:164)
	at org.openqa.selenium.remote.service.DriverCommandExecutor.execute(DriverCommandExecutor.java:83)
	at org.openqa.selenium.remote.RemoteWebDriver.execute(RemoteWebDriver.java:601)
	at org.openqa.selenium.remote.RemoteWebDriver.execute(RemoteWebDriver.java:658)
	at org.openqa.selenium.remote.RemoteWebDriver.getScreenshotAs(RemoteWebDriver.java:343)
	at testPackage.Base.CaptureScreen(Base.java:222)
	at methodPackage.PostBIMethod.VerifyPostBIWithValidData(PostBIMethod.java:189)
	at stepDefinitions.StepsForFeature.user_save_the_postbi_activity_with_valid_data(StepsForFeature.java:1508)
	at âœ½.User save the postbi activity with valid data(file:///C:/Users/vthorat/Downloads/KETU_JUNIT_Nehal/KETUSanityCucumber/./Positive/FeaturePositiveFlow.feature:115)
</textarea>
										</td>
									</tr>
									<tr>
										<td>Nov 6, 2023 04:32:59 PM</td>
										<td class='linked' test-id='117'>When User send Fax successfully</td>
										<td>
											<textarea disabled class="code-block">org.openqa.selenium.NoSuchWindowException: no such window: target window already closed
from unknown error: web view not found
  (Session info: chrome=119.0.6045.106)
Build info: version: '3.8.1', revision: '6e95a6684b', time: '2017-12-01T18:33:54.468Z'
System info: host: 'TDS-5CG1075Y8C', ip: '10.245.10.29', os.name: 'Windows 10', os.arch: 'amd64', os.version: '10.0', java.version: '11.0.1'
Driver info: org.openqa.selenium.chrome.ChromeDriver
Capabilities {acceptInsecureCerts: false, browserName: chrome, browserVersion: 119.0.6045.106, chrome: {chromedriverVersion: 119.0.6045.105 (38c72552c5e..., userDataDir: C:\Users\vthorat\AppData\Lo...}, fedcm:accounts: true, goog:chromeOptions: {debuggerAddress: localhost:65275}, javascriptEnabled: true, networkConnectionEnabled: false, pageLoadStrategy: normal, platform: WINDOWS, platformName: WINDOWS, proxy: Proxy(), setWindowRect: true, strictFileInteractability: false, timeouts: {implicit: 0, pageLoad: 300000, script: 30000}, unhandledPromptBehavior: dismiss and notify, webauthn:extension:credBlob: true, webauthn:extension:largeBlob: true, webauthn:extension:minPinLength: true, webauthn:extension:prf: true, webauthn:virtualAuthenticators: true}
Session ID: 7823e846e991b66dd4b7a6b67364f843
	at java.base/jdk.internal.reflect.NativeConstructorAccessorImpl.newInstance0(Native Method)
	at java.base/jdk.internal.reflect.NativeConstructorAccessorImpl.newInstance(NativeConstructorAccessorImpl.java:62)
	at java.base/jdk.internal.reflect.DelegatingConstructorAccessorImpl.newInstance(DelegatingConstructorAccessorImpl.java:45)
	at java.base/java.lang.reflect.Constructor.newInstance(Constructor.java:490)
	at org.openqa.selenium.remote.http.W3CHttpResponseCodec.createException(W3CHttpResponseCodec.java:187)
	at org.openqa.selenium.remote.http.W3CHttpResponseCodec.decode(W3CHttpResponseCodec.java:122)
	at org.openqa.selenium.remote.http.W3CHttpResponseCodec.decode(W3CHttpResponseCodec.java:49)
	at org.openqa.selenium.remote.HttpCommandExecutor.execute(HttpCommandExecutor.java:164)
	at org.openqa.selenium.remote.service.DriverCommandExecutor.execute(DriverCommandExecutor.java:83)
	at org.openqa.selenium.remote.RemoteWebDriver.execute(RemoteWebDriver.java:601)
	at org.openqa.selenium.remote.RemoteWebDriver.execute(RemoteWebDriver.java:658)
	at org.openqa.selenium.remote.RemoteWebDriver.getScreenshotAs(RemoteWebDriver.java:343)
	at testPackage.Base.CaptureScreen(Base.java:222)
	at methodPackage.PostBIMethod.VerifyPostBIWithValidData(PostBIMethod.java:189)
	at stepDefinitions.StepsForFeature.user_save_the_postbi_activity_with_valid_data(StepsForFeature.java:1508)
	at âœ½.User save the postbi activity with valid data(file:///C:/Users/vthorat/Downloads/KETU_JUNIT_Nehal/KETUSanityCucumber/./Positive/FeaturePositiveFlow.feature:115)
</textarea>
										</td>
									</tr>
									<tr>
										<td>Nov 6, 2023 04:33:21 PM</td>
										<td class='linked' test-id='121'>When User assign Fax successfully</td>
										<td>
											<textarea disabled class="code-block">org.openqa.selenium.NoSuchWindowException: no such window: target window already closed
from unknown error: web view not found
  (Session info: chrome=119.0.6045.106)
Build info: version: '3.8.1', revision: '6e95a6684b', time: '2017-12-01T18:33:54.468Z'
System info: host: 'TDS-5CG1075Y8C', ip: '10.245.10.29', os.name: 'Windows 10', os.arch: 'amd64', os.version: '10.0', java.version: '11.0.1'
Driver info: org.openqa.selenium.chrome.ChromeDriver
Capabilities {acceptInsecureCerts: false, browserName: chrome, browserVersion: 119.0.6045.106, chrome: {chromedriverVersion: 119.0.6045.105 (38c72552c5e..., userDataDir: C:\Users\vthorat\AppData\Lo...}, fedcm:accounts: true, goog:chromeOptions: {debuggerAddress: localhost:65275}, javascriptEnabled: true, networkConnectionEnabled: false, pageLoadStrategy: normal, platform: WINDOWS, platformName: WINDOWS, proxy: Proxy(), setWindowRect: true, strictFileInteractability: false, timeouts: {implicit: 0, pageLoad: 300000, script: 30000}, unhandledPromptBehavior: dismiss and notify, webauthn:extension:credBlob: true, webauthn:extension:largeBlob: true, webauthn:extension:minPinLength: true, webauthn:extension:prf: true, webauthn:virtualAuthenticators: true}
Session ID: 7823e846e991b66dd4b7a6b67364f843
	at java.base/jdk.internal.reflect.NativeConstructorAccessorImpl.newInstance0(Native Method)
	at java.base/jdk.internal.reflect.NativeConstructorAccessorImpl.newInstance(NativeConstructorAccessorImpl.java:62)
	at java.base/jdk.internal.reflect.DelegatingConstructorAccessorImpl.newInstance(DelegatingConstructorAccessorImpl.java:45)
	at java.base/java.lang.reflect.Constructor.newInstance(Constructor.java:490)
	at org.openqa.selenium.remote.http.W3CHttpResponseCodec.createException(W3CHttpResponseCodec.java:187)
	at org.openqa.selenium.remote.http.W3CHttpResponseCodec.decode(W3CHttpResponseCodec.java:122)
	at org.openqa.selenium.remote.http.W3CHttpResponseCodec.decode(W3CHttpResponseCodec.java:49)
	at org.openqa.selenium.remote.HttpCommandExecutor.execute(HttpCommandExecutor.java:164)
	at org.openqa.selenium.remote.service.DriverCommandExecutor.execute(DriverCommandExecutor.java:83)
	at org.openqa.selenium.remote.RemoteWebDriver.execute(RemoteWebDriver.java:601)
	at org.openqa.selenium.remote.RemoteWebDriver.execute(RemoteWebDriver.java:658)
	at org.openqa.selenium.remote.RemoteWebDriver.getScreenshotAs(RemoteWebDriver.java:343)
	at testPackage.Base.CaptureScreen(Base.java:222)
	at methodPackage.PostBIMethod.VerifyPostBIWithValidData(PostBIMethod.java:189)
	at stepDefinitions.StepsForFeature.user_save_the_postbi_activity_with_valid_data(StepsForFeature.java:1508)
	at âœ½.User save the postbi activity with valid data(file:///C:/Users/vthorat/Downloads/KETU_JUNIT_Nehal/KETUSanityCucumber/./Positive/FeaturePositiveFlow.feature:115)
</textarea>
										</td>
									</tr>
								</tbody>
							</table>
						</div>
					</div>
				</li>
			</ul>
		</div>
	</div>
	<div class='subview-right left'>
		<div class='view-summary'>
			<h5 class='exception-name'></h5>
		</div>
	</div>
</div>
<!-- exception view --><div id='dashboard-view' class='view hide'>
	<div class='card-panel transparent np-v'>
		<h5>Dashboard</h5>

		<div class='row'>
			<div class='col s2'>
				<div class='card-panel r'>
					Features
					<div class='panel-lead'>1</div>
				</div>
			</div>
			<div class='col s2'>
				<div class='card-panel r'>
					Scenarios
					<div class='panel-lead'>37</div>
				</div>
			</div>
			<div class='col s2'>
				<div class='card-panel r'>
					Steps
					<div class='panel-lead'>38</div>
				</div>
			</div>
			<div class='col s2'>
				<div class='card-panel r'>
					Start
					<div class='panel-lead'>Nov 6, 2023 04:18:32 PM</div>
				</div>
			</div>
			<div class='col s2'>
				<div class='card-panel r'>
			 		End
			 		<div class='panel-lead'>Nov 6, 2023 04:33:26 PM</div>
				</div>
			</div>
			<div class='col s2'>
				<div class='card-panel r'>
					Time Taken
					<div class='panel-lead'>00 14 53.812</div>
				</div>
			</div>
			<div class='col s6'>
				<div class='card-panel dashboard-categories'>
					<span class='right label cyan white-text'>Categories</span><p>&nbsp;</p>
					
					<table>
						<tr>
							<th>Name</th>
							<th>Passed</th>
							<th>Failed</th>
							<th>Skipped</th>
							<th>Passed %</th>
						</tr>
						<tr>
							<td>@PositiveFlow</td>
							<td>22</td>
							<td>15</td>
							<td>0</td>
							<td>
									59.459%
							</td>
						</tr>
					</table>
				</div>
			</div>
		</div>
	</div>
</div>
<!-- dashboard view -->
		</div>
		<!-- container -->
		<script>
			var statusGroup = {
                parentCount: 1,
				passParent: 0,
				failParent: 1,
				fatalParent: 0,
				errorParent: 0,
				warningParent: 0,
				skipParent: 0,
				childCount: 37,
				passChild: 22,
				failChild: 15,
				fatalChild: 0,
				errorChild: 0,
				warningChild: 0,
				skipChild: 0,
				infoChild: 0,
				grandChildCount: 38,
				passGrandChild: 23,
				failGrandChild: 15,
				fatalGrandChild: 0,
				errorGrandChild: 0,
				warningGrandChild: 0,
				skipGrandChild: 0,
				infoGrandChild: 0,
			};
			</script>
		
		<script>
			var timeline = {
			        "KETU Positive Flow":892.48
			};
		</script>
		
		  <script src='http://cdn.jsdelivr.net/gh/extent-framework/extent-github-cdn@ff53917fbbdb5ef820abbbe4d199a6942dc771ff/v3html/js/extent.js' type='text/javascript'></script>
		
		
		<script type='text/javascript'>
				
		</script> 

	</body>
</html>